-- The C compiler identification is GNU 11.4.0
-- The CXX compiler identification is GNU 11.4.0
-- Detecting C compiler ABI info
-- Detecting C compiler ABI info - done
-- Check for working C compiler: /usr/bin/cc - skipped
-- Detecting C compile features
-- Detecting C compile features - done
-- Detecting CXX compiler ABI info
-- Detecting CXX compiler ABI info - done
-- Check for working CXX compiler: /usr/bin/c++ - skipped
-- Detecting CXX compile features
-- Detecting CXX compile features - done
-- Found ament_cmake: 1.3.14 (/opt/ros/humble/share/ament_cmake/cmake)
-- Found Python3: /usr/bin/python3 (found version "3.10.12") found components: Interpreter 
-- Override CMake install command with custom implementation using symlinks instead of copying resources
-- Configuring done
-- Generating done
-- Build files have been written to: /choreo_system/build/chair_dance_sim
-- Install configuration: ""
-- Execute custom install script
-- Symlinking: /choreo_system/install/chair_dance_sim/share/chair_dance_sim/urdf/chair_robot.urdf.xacro
-- Symlinking: /choreo_system/install/chair_dance_sim/share/chair_dance_sim/worlds/stage.sdf
-- Symlinking: /choreo_system/install/chair_dance_sim/share/chair_dance_sim/launch/simulation_launch.py
-- Symlinking: /choreo_system/install/chair_dance_sim/share/chair_dance_sim/launch/view_robot_launch.py
-- Symlinking: /choreo_system/install/chair_dance_sim/share/chair_dance_sim/config/sim_params.yaml
-- Symlinking: /choreo_system/install/chair_dance_sim/share/chair_dance_sim/config/twist_mux.yaml
-- Symlinking: /choreo_system/install/chair_dance_sim/share/chair_dance_sim/config/view_robot.rviz
-- Symlinking: /choreo_system/install/chair_dance_sim/share/ament_index/resource_index/package_run_dependencies/chair_dance_sim
-- Symlinking: /choreo_system/install/chair_dance_sim/share/ament_index/resource_index/parent_prefix_path/chair_dance_sim
-- Symlinking: /choreo_system/install/chair_dance_sim/share/chair_dance_sim/environment/ament_prefix_path.sh
-- Symlinking: /choreo_system/install/chair_dance_sim/share/chair_dance_sim/environment/ament_prefix_path.dsv
-- Symlinking: /choreo_system/install/chair_dance_sim/share/chair_dance_sim/environment/path.sh
-- Symlinking: /choreo_system/install/chair_dance_sim/share/chair_dance_sim/environment/path.dsv
-- Symlinking: /choreo_system/install/chair_dance_sim/share/chair_dance_sim/local_setup.bash
-- Symlinking: /choreo_system/install/chair_dance_sim/share/chair_dance_sim/local_setup.sh
-- Symlinking: /choreo_system/install/chair_dance_sim/share/chair_dance_sim/local_setup.zsh
-- Symlinking: /choreo_system/install/chair_dance_sim/share/chair_dance_sim/local_setup.dsv
-- Symlinking: /choreo_system/install/chair_dance_sim/share/chair_dance_sim/package.dsv
-- Symlinking: /choreo_system/install/chair_dance_sim/share/ament_index/resource_index/packages/chair_dance_sim
-- Symlinking: /choreo_system/install/chair_dance_sim/share/chair_dance_sim/cmake/chair_dance_simConfig.cmake
-- Symlinking: /choreo_system/install/chair_dance_sim/share/chair_dance_sim/cmake/chair_dance_simConfig-version.cmake
-- Symlinking: /choreo_system/install/chair_dance_sim/share/chair_dance_sim/package.xml
