[0.026s] Invoking command in '/choreo_system/build/chair_dance_sim': AMENT_PREFIX_PATH=/choreo_system/install/dance_manager:/choreo_system/install/mobile_robot_control:/choreo_system/install/joy_teleop_keymapping:/choreo_system/install/chair_dance_sim:/choreo_system/install/dance_interfaces:/opt/ros/humble CMAKE_PREFIX_PATH=/choreo_system/install/dance_interfaces:/choreo_system/install/chair_dance_sim:/choreo_system/install/mobile_robot_control:/choreo_system/install/joy_teleop_keymapping:/choreo_system/install/dance_manager:/opt/ros/humble PYTHONPATH=/choreo_system/build/dance_manager:/choreo_system/install/dance_manager/lib/python3.10/site-packages:/choreo_system/build/mobile_robot_control:/choreo_system/install/mobile_robot_control/lib/python3.10/site-packages:/choreo_system/build/joy_teleop_keymapping:/choreo_system/install/joy_teleop_keymapping/lib/python3.10/site-packages:/choreo_system/install/dance_interfaces/local/lib/python3.10/dist-packages:/opt/ros/humble/lib/python3.10/site-packages:/opt/ros/humble/local/lib/python3.10/dist-packages /usr/bin/cmake --build /choreo_system/build/chair_dance_sim -- -j10 -l10
[0.068s] Invoked command in '/choreo_system/build/chair_dance_sim' returned '0': AMENT_PREFIX_PATH=/choreo_system/install/dance_manager:/choreo_system/install/mobile_robot_control:/choreo_system/install/joy_teleop_keymapping:/choreo_system/install/chair_dance_sim:/choreo_system/install/dance_interfaces:/opt/ros/humble CMAKE_PREFIX_PATH=/choreo_system/install/dance_interfaces:/choreo_system/install/chair_dance_sim:/choreo_system/install/mobile_robot_control:/choreo_system/install/joy_teleop_keymapping:/choreo_system/install/dance_manager:/opt/ros/humble PYTHONPATH=/choreo_system/build/dance_manager:/choreo_system/install/dance_manager/lib/python3.10/site-packages:/choreo_system/build/mobile_robot_control:/choreo_system/install/mobile_robot_control/lib/python3.10/site-packages:/choreo_system/build/joy_teleop_keymapping:/choreo_system/install/joy_teleop_keymapping/lib/python3.10/site-packages:/choreo_system/install/dance_interfaces/local/lib/python3.10/dist-packages:/opt/ros/humble/lib/python3.10/site-packages:/opt/ros/humble/local/lib/python3.10/dist-packages /usr/bin/cmake --build /choreo_system/build/chair_dance_sim -- -j10 -l10
[0.071s] Invoking command in '/choreo_system/build/chair_dance_sim': AMENT_PREFIX_PATH=/choreo_system/install/dance_manager:/choreo_system/install/mobile_robot_control:/choreo_system/install/joy_teleop_keymapping:/choreo_system/install/chair_dance_sim:/choreo_system/install/dance_interfaces:/opt/ros/humble CMAKE_PREFIX_PATH=/choreo_system/install/dance_interfaces:/choreo_system/install/chair_dance_sim:/choreo_system/install/mobile_robot_control:/choreo_system/install/joy_teleop_keymapping:/choreo_system/install/dance_manager:/opt/ros/humble PYTHONPATH=/choreo_system/build/dance_manager:/choreo_system/install/dance_manager/lib/python3.10/site-packages:/choreo_system/build/mobile_robot_control:/choreo_system/install/mobile_robot_control/lib/python3.10/site-packages:/choreo_system/build/joy_teleop_keymapping:/choreo_system/install/joy_teleop_keymapping/lib/python3.10/site-packages:/choreo_system/install/dance_interfaces/local/lib/python3.10/dist-packages:/opt/ros/humble/lib/python3.10/site-packages:/opt/ros/humble/local/lib/python3.10/dist-packages /usr/bin/cmake --install /choreo_system/build/chair_dance_sim
[0.080s] -- Install configuration: ""
[0.081s] -- Execute custom install script
[0.082s] -- Up-to-date symlink: /choreo_system/install/chair_dance_sim/share/chair_dance_sim/urdf/chair_robot.urdf.xacro
[0.083s] -- Up-to-date symlink: /choreo_system/install/chair_dance_sim/share/chair_dance_sim/worlds/stage.sdf
[0.083s] -- Up-to-date symlink: /choreo_system/install/chair_dance_sim/share/chair_dance_sim/launch/simulation_launch.py
[0.084s] -- Up-to-date symlink: /choreo_system/install/chair_dance_sim/share/chair_dance_sim/launch/view_robot_launch.py
[0.084s] -- Up-to-date symlink: /choreo_system/install/chair_dance_sim/share/chair_dance_sim/config/sim_params.yaml
[0.085s] -- Up-to-date symlink: /choreo_system/install/chair_dance_sim/share/chair_dance_sim/config/twist_mux.yaml
[0.085s] -- Up-to-date symlink: /choreo_system/install/chair_dance_sim/share/chair_dance_sim/config/view_robot.rviz
[0.086s] -- Up-to-date symlink: /choreo_system/install/chair_dance_sim/share/ament_index/resource_index/package_run_dependencies/chair_dance_sim
[0.086s] -- Up-to-date symlink: /choreo_system/install/chair_dance_sim/share/ament_index/resource_index/parent_prefix_path/chair_dance_sim
[0.087s] -- Up-to-date symlink: /choreo_system/install/chair_dance_sim/share/chair_dance_sim/environment/ament_prefix_path.sh
[0.087s] -- Up-to-date symlink: /choreo_system/install/chair_dance_sim/share/chair_dance_sim/environment/ament_prefix_path.dsv
[0.088s] -- Up-to-date symlink: /choreo_system/install/chair_dance_sim/share/chair_dance_sim/environment/path.sh
[0.088s] -- Up-to-date symlink: /choreo_system/install/chair_dance_sim/share/chair_dance_sim/environment/path.dsv
[0.089s] -- Up-to-date symlink: /choreo_system/install/chair_dance_sim/share/chair_dance_sim/local_setup.bash
[0.089s] -- Up-to-date symlink: /choreo_system/install/chair_dance_sim/share/chair_dance_sim/local_setup.sh
[0.089s] -- Up-to-date symlink: /choreo_system/install/chair_dance_sim/share/chair_dance_sim/local_setup.zsh
[0.090s] -- Up-to-date symlink: /choreo_system/install/chair_dance_sim/share/chair_dance_sim/local_setup.dsv
[0.090s] -- Symlinking: /choreo_system/install/chair_dance_sim/share/chair_dance_sim/package.dsv
[0.100s] -- Up-to-date symlink: /choreo_system/install/chair_dance_sim/share/ament_index/resource_index/packages/chair_dance_sim
[0.100s] -- Up-to-date symlink: /choreo_system/install/chair_dance_sim/share/chair_dance_sim/cmake/chair_dance_simConfig.cmake
[0.100s] -- Up-to-date symlink: /choreo_system/install/chair_dance_sim/share/chair_dance_sim/cmake/chair_dance_simConfig-version.cmake
[0.101s] -- Up-to-date symlink: /choreo_system/install/chair_dance_sim/share/chair_dance_sim/package.xml
[0.103s] Invoked command in '/choreo_system/build/chair_dance_sim' returned '0': AMENT_PREFIX_PATH=/choreo_system/install/dance_manager:/choreo_system/install/mobile_robot_control:/choreo_system/install/joy_teleop_keymapping:/choreo_system/install/chair_dance_sim:/choreo_system/install/dance_interfaces:/opt/ros/humble CMAKE_PREFIX_PATH=/choreo_system/install/dance_interfaces:/choreo_system/install/chair_dance_sim:/choreo_system/install/mobile_robot_control:/choreo_system/install/joy_teleop_keymapping:/choreo_system/install/dance_manager:/opt/ros/humble PYTHONPATH=/choreo_system/build/dance_manager:/choreo_system/install/dance_manager/lib/python3.10/site-packages:/choreo_system/build/mobile_robot_control:/choreo_system/install/mobile_robot_control/lib/python3.10/site-packages:/choreo_system/build/joy_teleop_keymapping:/choreo_system/install/joy_teleop_keymapping/lib/python3.10/site-packages:/choreo_system/install/dance_interfaces/local/lib/python3.10/dist-packages:/opt/ros/humble/lib/python3.10/site-packages:/opt/ros/humble/local/lib/python3.10/dist-packages /usr/bin/cmake --install /choreo_system/build/chair_dance_sim
