[0.156s] DEBUG:colcon:Command line arguments: ['/usr/bin/colcon', 'build', '--symlink-install']
[0.156s] DEBUG:colcon:Parsed command line arguments: Namespace(log_base=None, log_level=None, verb_name='build', build_base='build', install_base='install', merge_install=False, symlink_install=True, test_result_base=None, continue_on_error=False, executor='parallel', parallel_workers=10, event_handlers=None, ignore_user_meta=False, metas=['./colcon.meta'], base_paths=['.'], packages_ignore=None, packages_ignore_regex=None, paths=None, packages_up_to=None, packages_up_to_regex=None, packages_above=None, packages_above_and_dependencies=None, packages_above_depth=None, packages_select_by_dep=None, packages_skip_by_dep=None, packages_skip_up_to=None, packages_select_build_failed=False, packages_skip_build_finished=False, packages_select_test_failures=False, packages_skip_test_passed=False, packages_select=None, packages_skip=None, packages_select_regex=None, packages_skip_regex=None, packages_start=None, packages_end=None, allow_overriding=[], cmake_args=None, cmake_target=None, cmake_target_skip_unavailable=False, cmake_clean_cache=False, cmake_clean_first=False, cmake_force_configure=False, ament_cmake_args=None, catkin_cmake_args=None, catkin_skip_building_tests=False, verb_parser=<colcon_defaults.argument_parser.defaults.DefaultArgumentsDecorator object at 0xffffacf333a0>, verb_extension=<colcon_core.verb.build.BuildVerb object at 0xffffacf32aa0>, main=<bound method BuildVerb.main of <colcon_core.verb.build.BuildVerb object at 0xffffacf32aa0>>)
[0.294s] Level 1:colcon.colcon_core.package_discovery:discover_packages(colcon_meta) check parameters
[0.294s] Level 1:colcon.colcon_core.package_discovery:discover_packages(recursive) check parameters
[0.294s] Level 1:colcon.colcon_core.package_discovery:discover_packages(ignore) check parameters
[0.294s] Level 1:colcon.colcon_core.package_discovery:discover_packages(path) check parameters
[0.294s] Level 1:colcon.colcon_core.package_discovery:discover_packages(colcon_meta) discover
[0.294s] Level 1:colcon.colcon_core.package_discovery:discover_packages(recursive) discover
[0.294s] INFO:colcon.colcon_core.package_discovery:Crawling recursively for packages in '/choreo_system'
[0.295s] Level 1:colcon.colcon_core.package_identification:_identify(.) by extensions ['ignore', 'ignore_ament_install']
[0.295s] Level 1:colcon.colcon_core.package_identification:_identify(.) by extension 'ignore'
[0.295s] Level 1:colcon.colcon_core.package_identification:_identify(.) by extension 'ignore_ament_install'
[0.295s] Level 1:colcon.colcon_core.package_identification:_identify(.) by extensions ['colcon_pkg']
[0.295s] Level 1:colcon.colcon_core.package_identification:_identify(.) by extension 'colcon_pkg'
[0.295s] Level 1:colcon.colcon_core.package_identification:_identify(.) by extensions ['colcon_meta']
[0.295s] Level 1:colcon.colcon_core.package_identification:_identify(.) by extension 'colcon_meta'
[0.296s] Level 1:colcon.colcon_core.package_identification:_identify(.) by extensions ['ros']
[0.296s] Level 1:colcon.colcon_core.package_identification:_identify(.) by extension 'ros'
[0.305s] Level 1:colcon.colcon_core.package_identification:_identify(.) by extensions ['cmake', 'python']
[0.305s] Level 1:colcon.colcon_core.package_identification:_identify(.) by extension 'cmake'
[0.305s] Level 1:colcon.colcon_core.package_identification:_identify(.) by extension 'python'
[0.305s] Level 1:colcon.colcon_core.package_identification:_identify(.) by extensions ['python_setup_py']
[0.305s] Level 1:colcon.colcon_core.package_identification:_identify(.) by extension 'python_setup_py'
[0.306s] Level 1:colcon.colcon_core.package_identification:_identify(build) by extensions ['ignore', 'ignore_ament_install']
[0.306s] Level 1:colcon.colcon_core.package_identification:_identify(build) by extension 'ignore'
[0.306s] Level 1:colcon.colcon_core.package_identification:_identify(build) ignored
[0.306s] Level 1:colcon.colcon_core.package_identification:_identify(chair_dance_sim) by extensions ['ignore', 'ignore_ament_install']
[0.307s] Level 1:colcon.colcon_core.package_identification:_identify(chair_dance_sim) by extension 'ignore'
[0.307s] Level 1:colcon.colcon_core.package_identification:_identify(chair_dance_sim) by extension 'ignore_ament_install'
[0.307s] Level 1:colcon.colcon_core.package_identification:_identify(chair_dance_sim) by extensions ['colcon_pkg']
[0.307s] Level 1:colcon.colcon_core.package_identification:_identify(chair_dance_sim) by extension 'colcon_pkg'
[0.307s] Level 1:colcon.colcon_core.package_identification:_identify(chair_dance_sim) by extensions ['colcon_meta']
[0.307s] Level 1:colcon.colcon_core.package_identification:_identify(chair_dance_sim) by extension 'colcon_meta'
[0.307s] Level 1:colcon.colcon_core.package_identification:_identify(chair_dance_sim) by extensions ['ros']
[0.307s] Level 1:colcon.colcon_core.package_identification:_identify(chair_dance_sim) by extension 'ros'
[0.310s] DEBUG:colcon.colcon_core.package_identification:Package 'chair_dance_sim' with type 'ros.ament_cmake' and name 'chair_dance_sim'
[0.310s] Level 1:colcon.colcon_core.package_identification:_identify(dance_interfaces) by extensions ['ignore', 'ignore_ament_install']
[0.310s] Level 1:colcon.colcon_core.package_identification:_identify(dance_interfaces) by extension 'ignore'
[0.310s] Level 1:colcon.colcon_core.package_identification:_identify(dance_interfaces) by extension 'ignore_ament_install'
[0.311s] Level 1:colcon.colcon_core.package_identification:_identify(dance_interfaces) by extensions ['colcon_pkg']
[0.311s] Level 1:colcon.colcon_core.package_identification:_identify(dance_interfaces) by extension 'colcon_pkg'
[0.311s] Level 1:colcon.colcon_core.package_identification:_identify(dance_interfaces) by extensions ['colcon_meta']
[0.311s] Level 1:colcon.colcon_core.package_identification:_identify(dance_interfaces) by extension 'colcon_meta'
[0.311s] Level 1:colcon.colcon_core.package_identification:_identify(dance_interfaces) by extensions ['ros']
[0.311s] Level 1:colcon.colcon_core.package_identification:_identify(dance_interfaces) by extension 'ros'
[0.312s] DEBUG:colcon.colcon_core.package_identification:Package 'dance_interfaces' with type 'ros.ament_cmake' and name 'dance_interfaces'
[0.313s] Level 1:colcon.colcon_core.package_identification:_identify(dance_manager) by extensions ['ignore', 'ignore_ament_install']
[0.313s] Level 1:colcon.colcon_core.package_identification:_identify(dance_manager) by extension 'ignore'
[0.313s] Level 1:colcon.colcon_core.package_identification:_identify(dance_manager) by extension 'ignore_ament_install'
[0.313s] Level 1:colcon.colcon_core.package_identification:_identify(dance_manager) by extensions ['colcon_pkg']
[0.313s] Level 1:colcon.colcon_core.package_identification:_identify(dance_manager) by extension 'colcon_pkg'
[0.313s] Level 1:colcon.colcon_core.package_identification:_identify(dance_manager) by extensions ['colcon_meta']
[0.313s] Level 1:colcon.colcon_core.package_identification:_identify(dance_manager) by extension 'colcon_meta'
[0.313s] Level 1:colcon.colcon_core.package_identification:_identify(dance_manager) by extensions ['ros']
[0.313s] Level 1:colcon.colcon_core.package_identification:_identify(dance_manager) by extension 'ros'
[0.314s] DEBUG:colcon.colcon_core.package_identification:Package 'dance_manager' with type 'ros.ament_python' and name 'dance_manager'
[0.314s] Level 1:colcon.colcon_core.package_identification:_identify(dance_move_interfaces) by extensions ['ignore', 'ignore_ament_install']
[0.314s] Level 1:colcon.colcon_core.package_identification:_identify(dance_move_interfaces) by extension 'ignore'
[0.314s] Level 1:colcon.colcon_core.package_identification:_identify(dance_move_interfaces) by extension 'ignore_ament_install'
[0.314s] Level 1:colcon.colcon_core.package_identification:_identify(dance_move_interfaces) by extensions ['colcon_pkg']
[0.314s] Level 1:colcon.colcon_core.package_identification:_identify(dance_move_interfaces) by extension 'colcon_pkg'
[0.314s] Level 1:colcon.colcon_core.package_identification:_identify(dance_move_interfaces) by extensions ['colcon_meta']
[0.315s] Level 1:colcon.colcon_core.package_identification:_identify(dance_move_interfaces) by extension 'colcon_meta'
[0.315s] Level 1:colcon.colcon_core.package_identification:_identify(dance_move_interfaces) by extensions ['ros']
[0.315s] Level 1:colcon.colcon_core.package_identification:_identify(dance_move_interfaces) by extension 'ros'
[0.315s] Level 1:colcon.colcon_core.package_identification:_identify(dance_move_interfaces) by extensions ['cmake', 'python']
[0.315s] Level 1:colcon.colcon_core.package_identification:_identify(dance_move_interfaces) by extension 'cmake'
[0.315s] Level 1:colcon.colcon_core.package_identification:_identify(dance_move_interfaces) by extension 'python'
[0.315s] Level 1:colcon.colcon_core.package_identification:_identify(dance_move_interfaces) by extensions ['python_setup_py']
[0.315s] Level 1:colcon.colcon_core.package_identification:_identify(dance_move_interfaces) by extension 'python_setup_py'
[0.315s] Level 1:colcon.colcon_core.package_identification:_identify(dance_move_interfaces/action) by extensions ['ignore', 'ignore_ament_install']
[0.315s] Level 1:colcon.colcon_core.package_identification:_identify(dance_move_interfaces/action) by extension 'ignore'
[0.316s] Level 1:colcon.colcon_core.package_identification:_identify(dance_move_interfaces/action) by extension 'ignore_ament_install'
[0.316s] Level 1:colcon.colcon_core.package_identification:_identify(dance_move_interfaces/action) by extensions ['colcon_pkg']
[0.316s] Level 1:colcon.colcon_core.package_identification:_identify(dance_move_interfaces/action) by extension 'colcon_pkg'
[0.316s] Level 1:colcon.colcon_core.package_identification:_identify(dance_move_interfaces/action) by extensions ['colcon_meta']
[0.316s] Level 1:colcon.colcon_core.package_identification:_identify(dance_move_interfaces/action) by extension 'colcon_meta'
[0.316s] Level 1:colcon.colcon_core.package_identification:_identify(dance_move_interfaces/action) by extensions ['ros']
[0.316s] Level 1:colcon.colcon_core.package_identification:_identify(dance_move_interfaces/action) by extension 'ros'
[0.316s] Level 1:colcon.colcon_core.package_identification:_identify(dance_move_interfaces/action) by extensions ['cmake', 'python']
[0.316s] Level 1:colcon.colcon_core.package_identification:_identify(dance_move_interfaces/action) by extension 'cmake'
[0.316s] Level 1:colcon.colcon_core.package_identification:_identify(dance_move_interfaces/action) by extension 'python'
[0.316s] Level 1:colcon.colcon_core.package_identification:_identify(dance_move_interfaces/action) by extensions ['python_setup_py']
[0.316s] Level 1:colcon.colcon_core.package_identification:_identify(dance_move_interfaces/action) by extension 'python_setup_py'
[0.317s] Level 1:colcon.colcon_core.package_identification:_identify(dance_studio) by extensions ['ignore', 'ignore_ament_install']
[0.317s] Level 1:colcon.colcon_core.package_identification:_identify(dance_studio) by extension 'ignore'
[0.317s] Level 1:colcon.colcon_core.package_identification:_identify(dance_studio) by extension 'ignore_ament_install'
[0.317s] Level 1:colcon.colcon_core.package_identification:_identify(dance_studio) by extensions ['colcon_pkg']
[0.317s] Level 1:colcon.colcon_core.package_identification:_identify(dance_studio) by extension 'colcon_pkg'
[0.317s] Level 1:colcon.colcon_core.package_identification:_identify(dance_studio) by extensions ['colcon_meta']
[0.317s] Level 1:colcon.colcon_core.package_identification:_identify(dance_studio) by extension 'colcon_meta'
[0.317s] Level 1:colcon.colcon_core.package_identification:_identify(dance_studio) by extensions ['ros']
[0.317s] Level 1:colcon.colcon_core.package_identification:_identify(dance_studio) by extension 'ros'
[0.318s] Level 1:colcon.colcon_core.package_identification:_identify(dance_studio) by extensions ['cmake', 'python']
[0.318s] Level 1:colcon.colcon_core.package_identification:_identify(dance_studio) by extension 'cmake'
[0.318s] Level 1:colcon.colcon_core.package_identification:_identify(dance_studio) by extension 'python'
[0.318s] Level 1:colcon.colcon_core.package_identification:_identify(dance_studio) by extensions ['python_setup_py']
[0.318s] Level 1:colcon.colcon_core.package_identification:_identify(dance_studio) by extension 'python_setup_py'
[0.318s] Level 1:colcon.colcon_core.package_identification:_identify(dance_studio/__pycache__) by extensions ['ignore', 'ignore_ament_install']
[0.318s] Level 1:colcon.colcon_core.package_identification:_identify(dance_studio/__pycache__) by extension 'ignore'
[0.318s] Level 1:colcon.colcon_core.package_identification:_identify(dance_studio/__pycache__) by extension 'ignore_ament_install'
[0.319s] Level 1:colcon.colcon_core.package_identification:_identify(dance_studio/__pycache__) by extensions ['colcon_pkg']
[0.319s] Level 1:colcon.colcon_core.package_identification:_identify(dance_studio/__pycache__) by extension 'colcon_pkg'
[0.319s] Level 1:colcon.colcon_core.package_identification:_identify(dance_studio/__pycache__) by extensions ['colcon_meta']
[0.319s] Level 1:colcon.colcon_core.package_identification:_identify(dance_studio/__pycache__) by extension 'colcon_meta'
[0.319s] Level 1:colcon.colcon_core.package_identification:_identify(dance_studio/__pycache__) by extensions ['ros']
[0.319s] Level 1:colcon.colcon_core.package_identification:_identify(dance_studio/__pycache__) by extension 'ros'
[0.319s] Level 1:colcon.colcon_core.package_identification:_identify(dance_studio/__pycache__) by extensions ['cmake', 'python']
[0.319s] Level 1:colcon.colcon_core.package_identification:_identify(dance_studio/__pycache__) by extension 'cmake'
[0.319s] Level 1:colcon.colcon_core.package_identification:_identify(dance_studio/__pycache__) by extension 'python'
[0.319s] Level 1:colcon.colcon_core.package_identification:_identify(dance_studio/__pycache__) by extensions ['python_setup_py']
[0.319s] Level 1:colcon.colcon_core.package_identification:_identify(dance_studio/__pycache__) by extension 'python_setup_py'
[0.320s] Level 1:colcon.colcon_core.package_identification:_identify(dance_studio/dances) by extensions ['ignore', 'ignore_ament_install']
[0.320s] Level 1:colcon.colcon_core.package_identification:_identify(dance_studio/dances) by extension 'ignore'
[0.320s] Level 1:colcon.colcon_core.package_identification:_identify(dance_studio/dances) by extension 'ignore_ament_install'
[0.320s] Level 1:colcon.colcon_core.package_identification:_identify(dance_studio/dances) by extensions ['colcon_pkg']
[0.320s] Level 1:colcon.colcon_core.package_identification:_identify(dance_studio/dances) by extension 'colcon_pkg'
[0.320s] Level 1:colcon.colcon_core.package_identification:_identify(dance_studio/dances) by extensions ['colcon_meta']
[0.320s] Level 1:colcon.colcon_core.package_identification:_identify(dance_studio/dances) by extension 'colcon_meta'
[0.320s] Level 1:colcon.colcon_core.package_identification:_identify(dance_studio/dances) by extensions ['ros']
[0.320s] Level 1:colcon.colcon_core.package_identification:_identify(dance_studio/dances) by extension 'ros'
[0.320s] Level 1:colcon.colcon_core.package_identification:_identify(dance_studio/dances) by extensions ['cmake', 'python']
[0.320s] Level 1:colcon.colcon_core.package_identification:_identify(dance_studio/dances) by extension 'cmake'
[0.320s] Level 1:colcon.colcon_core.package_identification:_identify(dance_studio/dances) by extension 'python'
[0.320s] Level 1:colcon.colcon_core.package_identification:_identify(dance_studio/dances) by extensions ['python_setup_py']
[0.320s] Level 1:colcon.colcon_core.package_identification:_identify(dance_studio/dances) by extension 'python_setup_py'
[0.321s] Level 1:colcon.colcon_core.package_identification:_identify(dance_studio/static) by extensions ['ignore', 'ignore_ament_install']
[0.321s] Level 1:colcon.colcon_core.package_identification:_identify(dance_studio/static) by extension 'ignore'
[0.321s] Level 1:colcon.colcon_core.package_identification:_identify(dance_studio/static) by extension 'ignore_ament_install'
[0.321s] Level 1:colcon.colcon_core.package_identification:_identify(dance_studio/static) by extensions ['colcon_pkg']
[0.321s] Level 1:colcon.colcon_core.package_identification:_identify(dance_studio/static) by extension 'colcon_pkg'
[0.321s] Level 1:colcon.colcon_core.package_identification:_identify(dance_studio/static) by extensions ['colcon_meta']
[0.321s] Level 1:colcon.colcon_core.package_identification:_identify(dance_studio/static) by extension 'colcon_meta'
[0.321s] Level 1:colcon.colcon_core.package_identification:_identify(dance_studio/static) by extensions ['ros']
[0.321s] Level 1:colcon.colcon_core.package_identification:_identify(dance_studio/static) by extension 'ros'
[0.322s] Level 1:colcon.colcon_core.package_identification:_identify(dance_studio/static) by extensions ['cmake', 'python']
[0.322s] Level 1:colcon.colcon_core.package_identification:_identify(dance_studio/static) by extension 'cmake'
[0.322s] Level 1:colcon.colcon_core.package_identification:_identify(dance_studio/static) by extension 'python'
[0.322s] Level 1:colcon.colcon_core.package_identification:_identify(dance_studio/static) by extensions ['python_setup_py']
[0.322s] Level 1:colcon.colcon_core.package_identification:_identify(dance_studio/static) by extension 'python_setup_py'
[0.322s] Level 1:colcon.colcon_core.package_identification:_identify(docs) by extensions ['ignore', 'ignore_ament_install']
[0.322s] Level 1:colcon.colcon_core.package_identification:_identify(docs) by extension 'ignore'
[0.322s] Level 1:colcon.colcon_core.package_identification:_identify(docs) by extension 'ignore_ament_install'
[0.322s] Level 1:colcon.colcon_core.package_identification:_identify(docs) by extensions ['colcon_pkg']
[0.322s] Level 1:colcon.colcon_core.package_identification:_identify(docs) by extension 'colcon_pkg'
[0.323s] Level 1:colcon.colcon_core.package_identification:_identify(docs) by extensions ['colcon_meta']
[0.323s] Level 1:colcon.colcon_core.package_identification:_identify(docs) by extension 'colcon_meta'
[0.323s] Level 1:colcon.colcon_core.package_identification:_identify(docs) by extensions ['ros']
[0.323s] Level 1:colcon.colcon_core.package_identification:_identify(docs) by extension 'ros'
[0.323s] Level 1:colcon.colcon_core.package_identification:_identify(docs) by extensions ['cmake', 'python']
[0.323s] Level 1:colcon.colcon_core.package_identification:_identify(docs) by extension 'cmake'
[0.323s] Level 1:colcon.colcon_core.package_identification:_identify(docs) by extension 'python'
[0.323s] Level 1:colcon.colcon_core.package_identification:_identify(docs) by extensions ['python_setup_py']
[0.323s] Level 1:colcon.colcon_core.package_identification:_identify(docs) by extension 'python_setup_py'
[0.323s] Level 1:colcon.colcon_core.package_identification:_identify(docs/imgs) by extensions ['ignore', 'ignore_ament_install']
[0.323s] Level 1:colcon.colcon_core.package_identification:_identify(docs/imgs) by extension 'ignore'
[0.324s] Level 1:colcon.colcon_core.package_identification:_identify(docs/imgs) by extension 'ignore_ament_install'
[0.324s] Level 1:colcon.colcon_core.package_identification:_identify(docs/imgs) by extensions ['colcon_pkg']
[0.324s] Level 1:colcon.colcon_core.package_identification:_identify(docs/imgs) by extension 'colcon_pkg'
[0.324s] Level 1:colcon.colcon_core.package_identification:_identify(docs/imgs) by extensions ['colcon_meta']
[0.324s] Level 1:colcon.colcon_core.package_identification:_identify(docs/imgs) by extension 'colcon_meta'
[0.324s] Level 1:colcon.colcon_core.package_identification:_identify(docs/imgs) by extensions ['ros']
[0.324s] Level 1:colcon.colcon_core.package_identification:_identify(docs/imgs) by extension 'ros'
[0.324s] Level 1:colcon.colcon_core.package_identification:_identify(docs/imgs) by extensions ['cmake', 'python']
[0.324s] Level 1:colcon.colcon_core.package_identification:_identify(docs/imgs) by extension 'cmake'
[0.324s] Level 1:colcon.colcon_core.package_identification:_identify(docs/imgs) by extension 'python'
[0.324s] Level 1:colcon.colcon_core.package_identification:_identify(docs/imgs) by extensions ['python_setup_py']
[0.324s] Level 1:colcon.colcon_core.package_identification:_identify(docs/imgs) by extension 'python_setup_py'
[0.325s] Level 1:colcon.colcon_core.package_identification:_identify(images) by extensions ['ignore', 'ignore_ament_install']
[0.325s] Level 1:colcon.colcon_core.package_identification:_identify(images) by extension 'ignore'
[0.325s] Level 1:colcon.colcon_core.package_identification:_identify(images) by extension 'ignore_ament_install'
[0.325s] Level 1:colcon.colcon_core.package_identification:_identify(images) by extensions ['colcon_pkg']
[0.325s] Level 1:colcon.colcon_core.package_identification:_identify(images) by extension 'colcon_pkg'
[0.325s] Level 1:colcon.colcon_core.package_identification:_identify(images) by extensions ['colcon_meta']
[0.325s] Level 1:colcon.colcon_core.package_identification:_identify(images) by extension 'colcon_meta'
[0.325s] Level 1:colcon.colcon_core.package_identification:_identify(images) by extensions ['ros']
[0.325s] Level 1:colcon.colcon_core.package_identification:_identify(images) by extension 'ros'
[0.325s] Level 1:colcon.colcon_core.package_identification:_identify(images) by extensions ['cmake', 'python']
[0.325s] Level 1:colcon.colcon_core.package_identification:_identify(images) by extension 'cmake'
[0.326s] Level 1:colcon.colcon_core.package_identification:_identify(images) by extension 'python'
[0.326s] Level 1:colcon.colcon_core.package_identification:_identify(images) by extensions ['python_setup_py']
[0.326s] Level 1:colcon.colcon_core.package_identification:_identify(images) by extension 'python_setup_py'
[0.326s] Level 1:colcon.colcon_core.package_identification:_identify(install) by extensions ['ignore', 'ignore_ament_install']
[0.326s] Level 1:colcon.colcon_core.package_identification:_identify(install) by extension 'ignore'
[0.326s] Level 1:colcon.colcon_core.package_identification:_identify(install) ignored
[0.327s] Level 1:colcon.colcon_core.package_identification:_identify(joy_teleop_keymapping) by extensions ['ignore', 'ignore_ament_install']
[0.327s] Level 1:colcon.colcon_core.package_identification:_identify(joy_teleop_keymapping) by extension 'ignore'
[0.327s] Level 1:colcon.colcon_core.package_identification:_identify(joy_teleop_keymapping) by extension 'ignore_ament_install'
[0.327s] Level 1:colcon.colcon_core.package_identification:_identify(joy_teleop_keymapping) by extensions ['colcon_pkg']
[0.327s] Level 1:colcon.colcon_core.package_identification:_identify(joy_teleop_keymapping) by extension 'colcon_pkg'
[0.327s] Level 1:colcon.colcon_core.package_identification:_identify(joy_teleop_keymapping) by extensions ['colcon_meta']
[0.327s] Level 1:colcon.colcon_core.package_identification:_identify(joy_teleop_keymapping) by extension 'colcon_meta'
[0.327s] Level 1:colcon.colcon_core.package_identification:_identify(joy_teleop_keymapping) by extensions ['ros']
[0.327s] Level 1:colcon.colcon_core.package_identification:_identify(joy_teleop_keymapping) by extension 'ros'
[0.328s] DEBUG:colcon.colcon_core.package_identification:Package 'joy_teleop_keymapping' with type 'ros.ament_python' and name 'joy_teleop_keymapping'
[0.328s] Level 1:colcon.colcon_core.package_identification:_identify(log) by extensions ['ignore', 'ignore_ament_install']
[0.328s] Level 1:colcon.colcon_core.package_identification:_identify(log) by extension 'ignore'
[0.328s] Level 1:colcon.colcon_core.package_identification:_identify(log) ignored
[0.329s] Level 1:colcon.colcon_core.package_identification:_identify(mobile_robot_control) by extensions ['ignore', 'ignore_ament_install']
[0.329s] Level 1:colcon.colcon_core.package_identification:_identify(mobile_robot_control) by extension 'ignore'
[0.329s] Level 1:colcon.colcon_core.package_identification:_identify(mobile_robot_control) by extension 'ignore_ament_install'
[0.329s] Level 1:colcon.colcon_core.package_identification:_identify(mobile_robot_control) by extensions ['colcon_pkg']
[0.329s] Level 1:colcon.colcon_core.package_identification:_identify(mobile_robot_control) by extension 'colcon_pkg'
[0.329s] Level 1:colcon.colcon_core.package_identification:_identify(mobile_robot_control) by extensions ['colcon_meta']
[0.329s] Level 1:colcon.colcon_core.package_identification:_identify(mobile_robot_control) by extension 'colcon_meta'
[0.329s] Level 1:colcon.colcon_core.package_identification:_identify(mobile_robot_control) by extensions ['ros']
[0.329s] Level 1:colcon.colcon_core.package_identification:_identify(mobile_robot_control) by extension 'ros'
[0.330s] DEBUG:colcon.colcon_core.package_identification:Package 'mobile_robot_control' with type 'ros.ament_python' and name 'mobile_robot_control'
[0.330s] Level 1:colcon.colcon_core.package_discovery:discover_packages(recursive) using defaults
[0.330s] Level 1:colcon.colcon_core.package_discovery:discover_packages(ignore) discover
[0.330s] Level 1:colcon.colcon_core.package_discovery:discover_packages(ignore) using defaults
[0.330s] Level 1:colcon.colcon_core.package_discovery:discover_packages(path) discover
[0.330s] Level 1:colcon.colcon_core.package_discovery:discover_packages(path) using defaults
[0.355s] Level 1:colcon.colcon_core.package_discovery:discover_packages(prefix_path) check parameters
[0.355s] Level 1:colcon.colcon_core.package_discovery:discover_packages(prefix_path) discover
[0.358s] DEBUG:colcon.colcon_installed_package_information.package_discovery:Found 273 installed packages in /opt/ros/humble
[0.359s] Level 1:colcon.colcon_core.package_discovery:discover_packages(prefix_path) using defaults
[0.386s] Level 5:colcon.colcon_core.verb:set package 'dance_interfaces' build argument 'cmake_args' from command line to 'None'
[0.386s] Level 5:colcon.colcon_core.verb:set package 'dance_interfaces' build argument 'cmake_target' from command line to 'None'
[0.386s] Level 5:colcon.colcon_core.verb:set package 'dance_interfaces' build argument 'cmake_target_skip_unavailable' from command line to 'False'
[0.386s] Level 5:colcon.colcon_core.verb:set package 'dance_interfaces' build argument 'cmake_clean_cache' from command line to 'False'
[0.386s] Level 5:colcon.colcon_core.verb:set package 'dance_interfaces' build argument 'cmake_clean_first' from command line to 'False'
[0.386s] Level 5:colcon.colcon_core.verb:set package 'dance_interfaces' build argument 'cmake_force_configure' from command line to 'False'
[0.386s] Level 5:colcon.colcon_core.verb:set package 'dance_interfaces' build argument 'ament_cmake_args' from command line to 'None'
[0.387s] Level 5:colcon.colcon_core.verb:set package 'dance_interfaces' build argument 'catkin_cmake_args' from command line to 'None'
[0.387s] Level 5:colcon.colcon_core.verb:set package 'dance_interfaces' build argument 'catkin_skip_building_tests' from command line to 'False'
[0.387s] DEBUG:colcon.colcon_core.verb:Building package 'dance_interfaces' with the following arguments: {'ament_cmake_args': None, 'build_base': '/choreo_system/build/dance_interfaces', 'catkin_cmake_args': None, 'catkin_skip_building_tests': False, 'cmake_args': None, 'cmake_clean_cache': False, 'cmake_clean_first': False, 'cmake_force_configure': False, 'cmake_target': None, 'cmake_target_skip_unavailable': False, 'install_base': '/choreo_system/install/dance_interfaces', 'merge_install': False, 'path': '/choreo_system/dance_interfaces', 'symlink_install': True, 'test_result_base': None}
[0.387s] Level 5:colcon.colcon_core.verb:set package 'dance_manager' build argument 'cmake_args' from command line to 'None'
[0.387s] Level 5:colcon.colcon_core.verb:set package 'dance_manager' build argument 'cmake_target' from command line to 'None'
[0.387s] Level 5:colcon.colcon_core.verb:set package 'dance_manager' build argument 'cmake_target_skip_unavailable' from command line to 'False'
[0.387s] Level 5:colcon.colcon_core.verb:set package 'dance_manager' build argument 'cmake_clean_cache' from command line to 'False'
[0.387s] Level 5:colcon.colcon_core.verb:set package 'dance_manager' build argument 'cmake_clean_first' from command line to 'False'
[0.387s] Level 5:colcon.colcon_core.verb:set package 'dance_manager' build argument 'cmake_force_configure' from command line to 'False'
[0.387s] Level 5:colcon.colcon_core.verb:set package 'dance_manager' build argument 'ament_cmake_args' from command line to 'None'
[0.387s] Level 5:colcon.colcon_core.verb:set package 'dance_manager' build argument 'catkin_cmake_args' from command line to 'None'
[0.387s] Level 5:colcon.colcon_core.verb:set package 'dance_manager' build argument 'catkin_skip_building_tests' from command line to 'False'
[0.388s] DEBUG:colcon.colcon_core.verb:Building package 'dance_manager' with the following arguments: {'ament_cmake_args': None, 'build_base': '/choreo_system/build/dance_manager', 'catkin_cmake_args': None, 'catkin_skip_building_tests': False, 'cmake_args': None, 'cmake_clean_cache': False, 'cmake_clean_first': False, 'cmake_force_configure': False, 'cmake_target': None, 'cmake_target_skip_unavailable': False, 'install_base': '/choreo_system/install/dance_manager', 'merge_install': False, 'path': '/choreo_system/dance_manager', 'symlink_install': True, 'test_result_base': None}
[0.388s] Level 5:colcon.colcon_core.verb:set package 'joy_teleop_keymapping' build argument 'cmake_args' from command line to 'None'
[0.388s] Level 5:colcon.colcon_core.verb:set package 'joy_teleop_keymapping' build argument 'cmake_target' from command line to 'None'
[0.388s] Level 5:colcon.colcon_core.verb:set package 'joy_teleop_keymapping' build argument 'cmake_target_skip_unavailable' from command line to 'False'
[0.388s] Level 5:colcon.colcon_core.verb:set package 'joy_teleop_keymapping' build argument 'cmake_clean_cache' from command line to 'False'
[0.388s] Level 5:colcon.colcon_core.verb:set package 'joy_teleop_keymapping' build argument 'cmake_clean_first' from command line to 'False'
[0.388s] Level 5:colcon.colcon_core.verb:set package 'joy_teleop_keymapping' build argument 'cmake_force_configure' from command line to 'False'
[0.388s] Level 5:colcon.colcon_core.verb:set package 'joy_teleop_keymapping' build argument 'ament_cmake_args' from command line to 'None'
[0.388s] Level 5:colcon.colcon_core.verb:set package 'joy_teleop_keymapping' build argument 'catkin_cmake_args' from command line to 'None'
[0.388s] Level 5:colcon.colcon_core.verb:set package 'joy_teleop_keymapping' build argument 'catkin_skip_building_tests' from command line to 'False'
[0.388s] DEBUG:colcon.colcon_core.verb:Building package 'joy_teleop_keymapping' with the following arguments: {'ament_cmake_args': None, 'build_base': '/choreo_system/build/joy_teleop_keymapping', 'catkin_cmake_args': None, 'catkin_skip_building_tests': False, 'cmake_args': None, 'cmake_clean_cache': False, 'cmake_clean_first': False, 'cmake_force_configure': False, 'cmake_target': None, 'cmake_target_skip_unavailable': False, 'install_base': '/choreo_system/install/joy_teleop_keymapping', 'merge_install': False, 'path': '/choreo_system/joy_teleop_keymapping', 'symlink_install': True, 'test_result_base': None}
[0.389s] Level 5:colcon.colcon_core.verb:set package 'mobile_robot_control' build argument 'cmake_args' from command line to 'None'
[0.389s] Level 5:colcon.colcon_core.verb:set package 'mobile_robot_control' build argument 'cmake_target' from command line to 'None'
[0.389s] Level 5:colcon.colcon_core.verb:set package 'mobile_robot_control' build argument 'cmake_target_skip_unavailable' from command line to 'False'
[0.389s] Level 5:colcon.colcon_core.verb:set package 'mobile_robot_control' build argument 'cmake_clean_cache' from command line to 'False'
[0.389s] Level 5:colcon.colcon_core.verb:set package 'mobile_robot_control' build argument 'cmake_clean_first' from command line to 'False'
[0.389s] Level 5:colcon.colcon_core.verb:set package 'mobile_robot_control' build argument 'cmake_force_configure' from command line to 'False'
[0.389s] Level 5:colcon.colcon_core.verb:set package 'mobile_robot_control' build argument 'ament_cmake_args' from command line to 'None'
[0.389s] Level 5:colcon.colcon_core.verb:set package 'mobile_robot_control' build argument 'catkin_cmake_args' from command line to 'None'
[0.389s] Level 5:colcon.colcon_core.verb:set package 'mobile_robot_control' build argument 'catkin_skip_building_tests' from command line to 'False'
[0.389s] DEBUG:colcon.colcon_core.verb:Building package 'mobile_robot_control' with the following arguments: {'ament_cmake_args': None, 'build_base': '/choreo_system/build/mobile_robot_control', 'catkin_cmake_args': None, 'catkin_skip_building_tests': False, 'cmake_args': None, 'cmake_clean_cache': False, 'cmake_clean_first': False, 'cmake_force_configure': False, 'cmake_target': None, 'cmake_target_skip_unavailable': False, 'install_base': '/choreo_system/install/mobile_robot_control', 'merge_install': False, 'path': '/choreo_system/mobile_robot_control', 'symlink_install': True, 'test_result_base': None}
[0.389s] Level 5:colcon.colcon_core.verb:set package 'chair_dance_sim' build argument 'cmake_args' from command line to 'None'
[0.389s] Level 5:colcon.colcon_core.verb:set package 'chair_dance_sim' build argument 'cmake_target' from command line to 'None'
[0.389s] Level 5:colcon.colcon_core.verb:set package 'chair_dance_sim' build argument 'cmake_target_skip_unavailable' from command line to 'False'
[0.389s] Level 5:colcon.colcon_core.verb:set package 'chair_dance_sim' build argument 'cmake_clean_cache' from command line to 'False'
[0.390s] Level 5:colcon.colcon_core.verb:set package 'chair_dance_sim' build argument 'cmake_clean_first' from command line to 'False'
[0.390s] Level 5:colcon.colcon_core.verb:set package 'chair_dance_sim' build argument 'cmake_force_configure' from command line to 'False'
[0.390s] Level 5:colcon.colcon_core.verb:set package 'chair_dance_sim' build argument 'ament_cmake_args' from command line to 'None'
[0.390s] Level 5:colcon.colcon_core.verb:set package 'chair_dance_sim' build argument 'catkin_cmake_args' from command line to 'None'
[0.390s] Level 5:colcon.colcon_core.verb:set package 'chair_dance_sim' build argument 'catkin_skip_building_tests' from command line to 'False'
[0.390s] DEBUG:colcon.colcon_core.verb:Building package 'chair_dance_sim' with the following arguments: {'ament_cmake_args': None, 'build_base': '/choreo_system/build/chair_dance_sim', 'catkin_cmake_args': None, 'catkin_skip_building_tests': False, 'cmake_args': None, 'cmake_clean_cache': False, 'cmake_clean_first': False, 'cmake_force_configure': False, 'cmake_target': None, 'cmake_target_skip_unavailable': False, 'install_base': '/choreo_system/install/chair_dance_sim', 'merge_install': False, 'path': '/choreo_system/chair_dance_sim', 'symlink_install': True, 'test_result_base': None}
[0.390s] INFO:colcon.colcon_core.executor:Executing jobs using 'parallel' executor
[0.391s] DEBUG:colcon.colcon_parallel_executor.executor.parallel:run_until_complete
[0.391s] INFO:colcon.colcon_ros.task.ament_cmake.build:Building ROS package in '/choreo_system/dance_interfaces' with build type 'ament_cmake'
[0.391s] INFO:colcon.colcon_cmake.task.cmake.build:Building CMake package in '/choreo_system/dance_interfaces'
[0.395s] INFO:colcon.colcon_core.plugin_system:Skipping extension 'colcon_core.shell.bat': Not used on non-Windows systems
[0.395s] INFO:colcon.colcon_core.shell:Skip shell extension 'powershell' for command environment: Not usable outside of PowerShell
[0.395s] DEBUG:colcon.colcon_core.shell:Skip shell extension 'dsv' for command environment
[0.398s] INFO:colcon.colcon_ros.task.ament_python.build:Building ROS package in '/choreo_system/dance_manager' with build type 'ament_python'
[0.398s] Level 1:colcon.colcon_core.shell:create_environment_hook('dance_manager', 'ament_prefix_path')
[0.398s] INFO:colcon.colcon_core.shell:Creating environment hook '/choreo_system/install/dance_manager/share/dance_manager/hook/ament_prefix_path.ps1'
[0.400s] INFO:colcon.colcon_core.shell:Creating environment descriptor '/choreo_system/install/dance_manager/share/dance_manager/hook/ament_prefix_path.dsv'
[0.401s] INFO:colcon.colcon_core.shell:Creating environment hook '/choreo_system/install/dance_manager/share/dance_manager/hook/ament_prefix_path.sh'
[0.402s] INFO:colcon.colcon_core.shell:Skip shell extension 'powershell' for command environment: Not usable outside of PowerShell
[0.402s] DEBUG:colcon.colcon_core.shell:Skip shell extension 'dsv' for command environment
[0.405s] INFO:colcon.colcon_ros.task.ament_python.build:Building ROS package in '/choreo_system/joy_teleop_keymapping' with build type 'ament_python'
[0.405s] Level 1:colcon.colcon_core.shell:create_environment_hook('joy_teleop_keymapping', 'ament_prefix_path')
[0.406s] INFO:colcon.colcon_core.shell:Creating environment hook '/choreo_system/install/joy_teleop_keymapping/share/joy_teleop_keymapping/hook/ament_prefix_path.ps1'
[0.407s] INFO:colcon.colcon_core.shell:Creating environment descriptor '/choreo_system/install/joy_teleop_keymapping/share/joy_teleop_keymapping/hook/ament_prefix_path.dsv'
[0.408s] INFO:colcon.colcon_core.shell:Creating environment hook '/choreo_system/install/joy_teleop_keymapping/share/joy_teleop_keymapping/hook/ament_prefix_path.sh'
[0.409s] INFO:colcon.colcon_core.shell:Skip shell extension 'powershell' for command environment: Not usable outside of PowerShell
[0.409s] DEBUG:colcon.colcon_core.shell:Skip shell extension 'dsv' for command environment
[0.411s] INFO:colcon.colcon_ros.task.ament_python.build:Building ROS package in '/choreo_system/mobile_robot_control' with build type 'ament_python'
[0.411s] Level 1:colcon.colcon_core.shell:create_environment_hook('mobile_robot_control', 'ament_prefix_path')
[0.412s] INFO:colcon.colcon_core.shell:Creating environment hook '/choreo_system/install/mobile_robot_control/share/mobile_robot_control/hook/ament_prefix_path.ps1'
[0.413s] INFO:colcon.colcon_core.shell:Creating environment descriptor '/choreo_system/install/mobile_robot_control/share/mobile_robot_control/hook/ament_prefix_path.dsv'
[0.414s] INFO:colcon.colcon_core.shell:Creating environment hook '/choreo_system/install/mobile_robot_control/share/mobile_robot_control/hook/ament_prefix_path.sh'
[0.415s] INFO:colcon.colcon_core.shell:Skip shell extension 'powershell' for command environment: Not usable outside of PowerShell
[0.415s] DEBUG:colcon.colcon_core.shell:Skip shell extension 'dsv' for command environment
[0.425s] DEBUG:colcon.colcon_core.event_handler.log_command:Invoking command in '/choreo_system/build/dance_interfaces': CMAKE_PREFIX_PATH=/opt/ros/humble /usr/bin/cmake /choreo_system/dance_interfaces -DAMENT_CMAKE_SYMLINK_INSTALL=1 -DCMAKE_INSTALL_PREFIX=/choreo_system/install/dance_interfaces
[0.614s] INFO:colcon.colcon_core.task.python.build:Building Python package in '/choreo_system/dance_manager'
[0.615s] INFO:colcon.colcon_core.shell:Skip shell extension 'powershell' for command environment: Not usable outside of PowerShell
[0.615s] DEBUG:colcon.colcon_core.shell:Skip shell extension 'dsv' for command environment
[0.814s] INFO:colcon.colcon_core.task.python.build:Building Python package in '/choreo_system/joy_teleop_keymapping'
[0.815s] INFO:colcon.colcon_core.shell:Skip shell extension 'powershell' for command environment: Not usable outside of PowerShell
[0.815s] DEBUG:colcon.colcon_core.shell:Skip shell extension 'dsv' for command environment
[0.996s] INFO:colcon.colcon_core.task.python.build:Building Python package in '/choreo_system/mobile_robot_control'
[0.997s] INFO:colcon.colcon_core.shell:Skip shell extension 'powershell' for command environment: Not usable outside of PowerShell
[0.997s] DEBUG:colcon.colcon_core.shell:Skip shell extension 'dsv' for command environment
[1.274s] DEBUG:colcon.colcon_core.event_handler.log_command:Invoking command in '/choreo_system/build/dance_manager': PYTHONPATH=/choreo_system/build/dance_manager/prefix_override:/usr/lib/python3/dist-packages/colcon_core/task/python/colcon_distutils_commands:/choreo_system/install/dance_manager/lib/python3.10/site-packages:${PYTHONPATH} /usr/bin/python3 -W ignore:setup.py install is deprecated -W ignore:easy_install command is deprecated setup.py develop --editable --build-directory /choreo_system/build/dance_manager/build --no-deps symlink_data
[1.281s] DEBUG:colcon.colcon_core.event_handler.log_command:Invoking command in '/choreo_system/build/joy_teleop_keymapping': PYTHONPATH=/choreo_system/build/joy_teleop_keymapping/prefix_override:/usr/lib/python3/dist-packages/colcon_core/task/python/colcon_distutils_commands:/choreo_system/install/joy_teleop_keymapping/lib/python3.10/site-packages:${PYTHONPATH} /usr/bin/python3 -W ignore:setup.py install is deprecated -W ignore:easy_install command is deprecated setup.py develop --editable --build-directory /choreo_system/build/joy_teleop_keymapping/build --no-deps symlink_data
[1.301s] DEBUG:colcon.colcon_core.event_handler.log_command:Invoking command in '/choreo_system/build/mobile_robot_control': PYTHONPATH=/choreo_system/build/mobile_robot_control/prefix_override:/usr/lib/python3/dist-packages/colcon_core/task/python/colcon_distutils_commands:/choreo_system/install/mobile_robot_control/lib/python3.10/site-packages:${PYTHONPATH} /usr/bin/python3 -W ignore:setup.py install is deprecated -W ignore:easy_install command is deprecated setup.py develop --editable --build-directory /choreo_system/build/mobile_robot_control/build --no-deps symlink_data
[1.603s] Level 1:colcon.colcon_core.shell:create_environment_hook('joy_teleop_keymapping', 'pythonpath_develop')
[1.603s] INFO:colcon.colcon_core.shell:Creating environment hook '/choreo_system/build/joy_teleop_keymapping/share/joy_teleop_keymapping/hook/pythonpath_develop.ps1'
[1.609s] DEBUG:colcon.colcon_core.event_handler.log_command:Invoked command in '/choreo_system/build/joy_teleop_keymapping' returned '0': PYTHONPATH=/choreo_system/build/joy_teleop_keymapping/prefix_override:/usr/lib/python3/dist-packages/colcon_core/task/python/colcon_distutils_commands:/choreo_system/install/joy_teleop_keymapping/lib/python3.10/site-packages:${PYTHONPATH} /usr/bin/python3 -W ignore:setup.py install is deprecated -W ignore:easy_install command is deprecated setup.py develop --editable --build-directory /choreo_system/build/joy_teleop_keymapping/build --no-deps symlink_data
[1.612s] INFO:colcon.colcon_core.shell:Creating environment descriptor '/choreo_system/build/joy_teleop_keymapping/share/joy_teleop_keymapping/hook/pythonpath_develop.dsv'
[1.613s] INFO:colcon.colcon_core.shell:Creating environment hook '/choreo_system/build/joy_teleop_keymapping/share/joy_teleop_keymapping/hook/pythonpath_develop.sh'
[1.623s] Level 1:colcon.colcon_core.environment:checking '/choreo_system/install/joy_teleop_keymapping' for CMake module files
[1.625s] Level 1:colcon.colcon_core.environment:checking '/choreo_system/install/joy_teleop_keymapping' for CMake config files
[1.627s] Level 1:colcon.colcon_core.environment:checking '/choreo_system/install/joy_teleop_keymapping/lib'
[1.627s] Level 1:colcon.colcon_core.environment:checking '/choreo_system/install/joy_teleop_keymapping/bin'
[1.627s] Level 1:colcon.colcon_core.environment:checking '/choreo_system/install/joy_teleop_keymapping/lib/pkgconfig/joy_teleop_keymapping.pc'
[1.627s] Level 1:colcon.colcon_core.environment:checking '/choreo_system/install/joy_teleop_keymapping/lib/python3.10/site-packages'
[1.628s] Level 1:colcon.colcon_core.shell:create_environment_hook('joy_teleop_keymapping', 'pythonpath')
[1.628s] INFO:colcon.colcon_core.shell:Creating environment hook '/choreo_system/install/joy_teleop_keymapping/share/joy_teleop_keymapping/hook/pythonpath.ps1'
[1.629s] INFO:colcon.colcon_core.shell:Creating environment descriptor '/choreo_system/install/joy_teleop_keymapping/share/joy_teleop_keymapping/hook/pythonpath.dsv'
[1.630s] INFO:colcon.colcon_core.shell:Creating environment hook '/choreo_system/install/joy_teleop_keymapping/share/joy_teleop_keymapping/hook/pythonpath.sh'
[1.631s] Level 1:colcon.colcon_core.environment:checking '/choreo_system/install/joy_teleop_keymapping/bin'
[1.631s] Level 1:colcon.colcon_core.environment:create_environment_scripts_only(joy_teleop_keymapping)
[1.631s] INFO:colcon.colcon_core.shell:Creating package script '/choreo_system/install/joy_teleop_keymapping/share/joy_teleop_keymapping/package.ps1'
[1.632s] INFO:colcon.colcon_core.shell:Creating package descriptor '/choreo_system/install/joy_teleop_keymapping/share/joy_teleop_keymapping/package.dsv'
[1.634s] INFO:colcon.colcon_core.shell:Creating package script '/choreo_system/install/joy_teleop_keymapping/share/joy_teleop_keymapping/package.sh'
[1.636s] INFO:colcon.colcon_core.shell:Creating package script '/choreo_system/install/joy_teleop_keymapping/share/joy_teleop_keymapping/package.bash'
[1.639s] INFO:colcon.colcon_core.shell:Creating package script '/choreo_system/install/joy_teleop_keymapping/share/joy_teleop_keymapping/package.zsh'
[1.641s] Level 1:colcon.colcon_core.environment:create_file_with_runtime_dependencies(/choreo_system/install/joy_teleop_keymapping/share/colcon-core/packages/joy_teleop_keymapping)
[1.643s] Level 1:colcon.colcon_core.shell:create_environment_hook('dance_manager', 'pythonpath_develop')
[1.643s] INFO:colcon.colcon_core.shell:Creating environment hook '/choreo_system/build/dance_manager/share/dance_manager/hook/pythonpath_develop.ps1'
[1.645s] DEBUG:colcon.colcon_core.event_handler.log_command:Invoked command in '/choreo_system/build/dance_manager' returned '0': PYTHONPATH=/choreo_system/build/dance_manager/prefix_override:/usr/lib/python3/dist-packages/colcon_core/task/python/colcon_distutils_commands:/choreo_system/install/dance_manager/lib/python3.10/site-packages:${PYTHONPATH} /usr/bin/python3 -W ignore:setup.py install is deprecated -W ignore:easy_install command is deprecated setup.py develop --editable --build-directory /choreo_system/build/dance_manager/build --no-deps symlink_data
[1.646s] INFO:colcon.colcon_core.shell:Creating environment descriptor '/choreo_system/build/dance_manager/share/dance_manager/hook/pythonpath_develop.dsv'
[1.646s] INFO:colcon.colcon_core.shell:Creating environment hook '/choreo_system/build/dance_manager/share/dance_manager/hook/pythonpath_develop.sh'
[1.647s] Level 1:colcon.colcon_core.environment:checking '/choreo_system/install/dance_manager' for CMake module files
[1.649s] Level 1:colcon.colcon_core.environment:checking '/choreo_system/install/dance_manager' for CMake config files
[1.652s] Level 1:colcon.colcon_core.environment:checking '/choreo_system/install/dance_manager/lib'
[1.656s] Level 1:colcon.colcon_core.environment:checking '/choreo_system/install/dance_manager/bin'
[1.656s] Level 1:colcon.colcon_core.environment:checking '/choreo_system/install/dance_manager/lib/pkgconfig/dance_manager.pc'
[1.656s] Level 1:colcon.colcon_core.environment:checking '/choreo_system/install/dance_manager/lib/python3.10/site-packages'
[1.656s] Level 1:colcon.colcon_core.shell:create_environment_hook('dance_manager', 'pythonpath')
[1.656s] INFO:colcon.colcon_core.shell:Creating environment hook '/choreo_system/install/dance_manager/share/dance_manager/hook/pythonpath.ps1'
[1.657s] INFO:colcon.colcon_core.shell:Creating environment descriptor '/choreo_system/install/dance_manager/share/dance_manager/hook/pythonpath.dsv'
[1.658s] INFO:colcon.colcon_core.shell:Creating environment hook '/choreo_system/install/dance_manager/share/dance_manager/hook/pythonpath.sh'
[1.659s] Level 1:colcon.colcon_core.environment:checking '/choreo_system/install/dance_manager/bin'
[1.659s] Level 1:colcon.colcon_core.environment:create_environment_scripts_only(dance_manager)
[1.659s] INFO:colcon.colcon_core.shell:Creating package script '/choreo_system/install/dance_manager/share/dance_manager/package.ps1'
[1.660s] INFO:colcon.colcon_core.shell:Creating package descriptor '/choreo_system/install/dance_manager/share/dance_manager/package.dsv'
[1.660s] INFO:colcon.colcon_core.shell:Creating package script '/choreo_system/install/dance_manager/share/dance_manager/package.sh'
[1.661s] INFO:colcon.colcon_core.shell:Creating package script '/choreo_system/install/dance_manager/share/dance_manager/package.bash'
[1.662s] INFO:colcon.colcon_core.shell:Creating package script '/choreo_system/install/dance_manager/share/dance_manager/package.zsh'
[1.662s] Level 1:colcon.colcon_core.environment:create_file_with_runtime_dependencies(/choreo_system/install/dance_manager/share/colcon-core/packages/dance_manager)
[1.663s] Level 1:colcon.colcon_core.shell:create_environment_hook('mobile_robot_control', 'pythonpath_develop')
[1.663s] INFO:colcon.colcon_core.shell:Creating environment hook '/choreo_system/build/mobile_robot_control/share/mobile_robot_control/hook/pythonpath_develop.ps1'
[1.665s] INFO:colcon.colcon_core.shell:Creating environment descriptor '/choreo_system/build/mobile_robot_control/share/mobile_robot_control/hook/pythonpath_develop.dsv'
[1.666s] DEBUG:colcon.colcon_core.event_handler.log_command:Invoked command in '/choreo_system/build/mobile_robot_control' returned '0': PYTHONPATH=/choreo_system/build/mobile_robot_control/prefix_override:/usr/lib/python3/dist-packages/colcon_core/task/python/colcon_distutils_commands:/choreo_system/install/mobile_robot_control/lib/python3.10/site-packages:${PYTHONPATH} /usr/bin/python3 -W ignore:setup.py install is deprecated -W ignore:easy_install command is deprecated setup.py develop --editable --build-directory /choreo_system/build/mobile_robot_control/build --no-deps symlink_data
[1.667s] INFO:colcon.colcon_core.shell:Creating environment hook '/choreo_system/build/mobile_robot_control/share/mobile_robot_control/hook/pythonpath_develop.sh'
[1.668s] Level 1:colcon.colcon_core.environment:checking '/choreo_system/install/mobile_robot_control' for CMake module files
[1.669s] Level 1:colcon.colcon_core.environment:checking '/choreo_system/install/mobile_robot_control' for CMake config files
[1.672s] Level 1:colcon.colcon_core.environment:checking '/choreo_system/install/mobile_robot_control/lib'
[1.672s] Level 1:colcon.colcon_core.environment:checking '/choreo_system/install/mobile_robot_control/bin'
[1.672s] Level 1:colcon.colcon_core.environment:checking '/choreo_system/install/mobile_robot_control/lib/pkgconfig/mobile_robot_control.pc'
[1.672s] Level 1:colcon.colcon_core.environment:checking '/choreo_system/install/mobile_robot_control/lib/python3.10/site-packages'
[1.672s] Level 1:colcon.colcon_core.shell:create_environment_hook('mobile_robot_control', 'pythonpath')
[1.672s] INFO:colcon.colcon_core.shell:Creating environment hook '/choreo_system/install/mobile_robot_control/share/mobile_robot_control/hook/pythonpath.ps1'
[1.673s] INFO:colcon.colcon_core.shell:Creating environment descriptor '/choreo_system/install/mobile_robot_control/share/mobile_robot_control/hook/pythonpath.dsv'
[1.674s] INFO:colcon.colcon_core.shell:Creating environment hook '/choreo_system/install/mobile_robot_control/share/mobile_robot_control/hook/pythonpath.sh'
[1.675s] Level 1:colcon.colcon_core.environment:checking '/choreo_system/install/mobile_robot_control/bin'
[1.675s] Level 1:colcon.colcon_core.environment:create_environment_scripts_only(mobile_robot_control)
[1.675s] INFO:colcon.colcon_core.shell:Creating package script '/choreo_system/install/mobile_robot_control/share/mobile_robot_control/package.ps1'
[1.676s] INFO:colcon.colcon_core.shell:Creating package descriptor '/choreo_system/install/mobile_robot_control/share/mobile_robot_control/package.dsv'
[1.676s] INFO:colcon.colcon_core.shell:Creating package script '/choreo_system/install/mobile_robot_control/share/mobile_robot_control/package.sh'
[1.677s] INFO:colcon.colcon_core.shell:Creating package script '/choreo_system/install/mobile_robot_control/share/mobile_robot_control/package.bash'
[1.678s] INFO:colcon.colcon_core.shell:Creating package script '/choreo_system/install/mobile_robot_control/share/mobile_robot_control/package.zsh'
[1.678s] Level 1:colcon.colcon_core.environment:create_file_with_runtime_dependencies(/choreo_system/install/mobile_robot_control/share/colcon-core/packages/mobile_robot_control)
[2.401s] DEBUG:colcon.colcon_core.event_handler.log_command:Invoked command in '/choreo_system/build/dance_interfaces' returned '0': CMAKE_PREFIX_PATH=/opt/ros/humble /usr/bin/cmake /choreo_system/dance_interfaces -DAMENT_CMAKE_SYMLINK_INSTALL=1 -DCMAKE_INSTALL_PREFIX=/choreo_system/install/dance_interfaces
[2.403s] DEBUG:colcon.colcon_core.event_handler.log_command:Invoking command in '/choreo_system/build/dance_interfaces': CMAKE_PREFIX_PATH=/opt/ros/humble /usr/bin/cmake --build /choreo_system/build/dance_interfaces -- -j10 -l10
[4.704s] DEBUG:colcon.colcon_core.event_handler.log_command:Invoked command in '/choreo_system/build/dance_interfaces' returned '0': CMAKE_PREFIX_PATH=/opt/ros/humble /usr/bin/cmake --build /choreo_system/build/dance_interfaces -- -j10 -l10
[4.712s] DEBUG:colcon.colcon_core.event_handler.log_command:Invoking command in '/choreo_system/build/dance_interfaces': CMAKE_PREFIX_PATH=/opt/ros/humble /usr/bin/cmake --install /choreo_system/build/dance_interfaces
[5.229s] Level 1:colcon.colcon_core.environment:create_environment_scripts_only(dance_interfaces)
[5.229s] Level 1:colcon.colcon_core.environment:checking '/choreo_system/install/dance_interfaces' for CMake module files
[5.229s] DEBUG:colcon.colcon_core.event_handler.log_command:Invoked command in '/choreo_system/build/dance_interfaces' returned '0': CMAKE_PREFIX_PATH=/opt/ros/humble /usr/bin/cmake --install /choreo_system/build/dance_interfaces
[5.233s] Level 1:colcon.colcon_core.environment:checking '/choreo_system/install/dance_interfaces' for CMake config files
[5.238s] Level 1:colcon.colcon_core.shell:create_environment_hook('dance_interfaces', 'cmake_prefix_path')
[5.238s] INFO:colcon.colcon_core.shell:Creating environment hook '/choreo_system/install/dance_interfaces/share/dance_interfaces/hook/cmake_prefix_path.ps1'
[5.239s] INFO:colcon.colcon_core.shell:Creating environment descriptor '/choreo_system/install/dance_interfaces/share/dance_interfaces/hook/cmake_prefix_path.dsv'
[5.240s] INFO:colcon.colcon_core.shell:Creating environment hook '/choreo_system/install/dance_interfaces/share/dance_interfaces/hook/cmake_prefix_path.sh'
[5.241s] Level 1:colcon.colcon_core.environment:checking '/choreo_system/install/dance_interfaces/lib'
[5.241s] Level 1:colcon.colcon_core.shell:create_environment_hook('dance_interfaces', 'ld_library_path_lib')
[5.241s] INFO:colcon.colcon_core.shell:Creating environment hook '/choreo_system/install/dance_interfaces/share/dance_interfaces/hook/ld_library_path_lib.ps1'
[5.242s] INFO:colcon.colcon_core.shell:Creating environment descriptor '/choreo_system/install/dance_interfaces/share/dance_interfaces/hook/ld_library_path_lib.dsv'
[5.242s] INFO:colcon.colcon_core.shell:Creating environment hook '/choreo_system/install/dance_interfaces/share/dance_interfaces/hook/ld_library_path_lib.sh'
[5.243s] Level 1:colcon.colcon_core.environment:checking '/choreo_system/install/dance_interfaces/bin'
[5.243s] Level 1:colcon.colcon_core.environment:checking '/choreo_system/install/dance_interfaces/lib/pkgconfig/dance_interfaces.pc'
[5.243s] Level 1:colcon.colcon_core.environment:checking '/choreo_system/install/dance_interfaces/lib/python3.10/site-packages'
[5.243s] Level 1:colcon.colcon_core.environment:checking '/choreo_system/install/dance_interfaces/bin'
[5.244s] INFO:colcon.colcon_core.shell:Creating package script '/choreo_system/install/dance_interfaces/share/dance_interfaces/package.ps1'
[5.244s] INFO:colcon.colcon_core.shell:Creating package descriptor '/choreo_system/install/dance_interfaces/share/dance_interfaces/package.dsv'
[5.245s] INFO:colcon.colcon_core.shell:Creating package script '/choreo_system/install/dance_interfaces/share/dance_interfaces/package.sh'
[5.245s] INFO:colcon.colcon_core.shell:Creating package script '/choreo_system/install/dance_interfaces/share/dance_interfaces/package.bash'
[5.246s] INFO:colcon.colcon_core.shell:Creating package script '/choreo_system/install/dance_interfaces/share/dance_interfaces/package.zsh'
[5.247s] Level 1:colcon.colcon_core.environment:create_file_with_runtime_dependencies(/choreo_system/install/dance_interfaces/share/colcon-core/packages/dance_interfaces)
[5.249s] Level 1:colcon.colcon_core.environment:create_environment_scripts_only(dance_interfaces)
[5.249s] Level 1:colcon.colcon_core.environment:checking '/choreo_system/install/dance_interfaces' for CMake module files
[5.252s] Level 1:colcon.colcon_core.environment:checking '/choreo_system/install/dance_interfaces' for CMake config files
[5.256s] Level 1:colcon.colcon_core.shell:create_environment_hook('dance_interfaces', 'cmake_prefix_path')
[5.257s] INFO:colcon.colcon_core.shell:Creating environment hook '/choreo_system/install/dance_interfaces/share/dance_interfaces/hook/cmake_prefix_path.ps1'
[5.257s] INFO:colcon.colcon_core.shell:Creating environment descriptor '/choreo_system/install/dance_interfaces/share/dance_interfaces/hook/cmake_prefix_path.dsv'
[5.258s] INFO:colcon.colcon_core.shell:Creating environment hook '/choreo_system/install/dance_interfaces/share/dance_interfaces/hook/cmake_prefix_path.sh'
[5.258s] Level 1:colcon.colcon_core.environment:checking '/choreo_system/install/dance_interfaces/lib'
[5.259s] Level 1:colcon.colcon_core.shell:create_environment_hook('dance_interfaces', 'ld_library_path_lib')
[5.259s] INFO:colcon.colcon_core.shell:Creating environment hook '/choreo_system/install/dance_interfaces/share/dance_interfaces/hook/ld_library_path_lib.ps1'
[5.259s] INFO:colcon.colcon_core.shell:Creating environment descriptor '/choreo_system/install/dance_interfaces/share/dance_interfaces/hook/ld_library_path_lib.dsv'
[5.260s] INFO:colcon.colcon_core.shell:Creating environment hook '/choreo_system/install/dance_interfaces/share/dance_interfaces/hook/ld_library_path_lib.sh'
[5.260s] Level 1:colcon.colcon_core.environment:checking '/choreo_system/install/dance_interfaces/bin'
[5.260s] Level 1:colcon.colcon_core.environment:checking '/choreo_system/install/dance_interfaces/lib/pkgconfig/dance_interfaces.pc'
[5.261s] Level 1:colcon.colcon_core.environment:checking '/choreo_system/install/dance_interfaces/lib/python3.10/site-packages'
[5.261s] Level 1:colcon.colcon_core.environment:checking '/choreo_system/install/dance_interfaces/bin'
[5.261s] INFO:colcon.colcon_core.shell:Creating package script '/choreo_system/install/dance_interfaces/share/dance_interfaces/package.ps1'
[5.262s] INFO:colcon.colcon_core.shell:Creating package descriptor '/choreo_system/install/dance_interfaces/share/dance_interfaces/package.dsv'
[5.262s] INFO:colcon.colcon_core.shell:Creating package script '/choreo_system/install/dance_interfaces/share/dance_interfaces/package.sh'
[5.263s] INFO:colcon.colcon_core.shell:Creating package script '/choreo_system/install/dance_interfaces/share/dance_interfaces/package.bash'
[5.263s] INFO:colcon.colcon_core.shell:Creating package script '/choreo_system/install/dance_interfaces/share/dance_interfaces/package.zsh'
[5.264s] Level 1:colcon.colcon_core.environment:create_file_with_runtime_dependencies(/choreo_system/install/dance_interfaces/share/colcon-core/packages/dance_interfaces)
[5.265s] INFO:colcon.colcon_ros.task.ament_cmake.build:Building ROS package in '/choreo_system/chair_dance_sim' with build type 'ament_cmake'
[5.265s] INFO:colcon.colcon_cmake.task.cmake.build:Building CMake package in '/choreo_system/chair_dance_sim'
[5.265s] INFO:colcon.colcon_core.shell:Skip shell extension 'powershell' for command environment: Not usable outside of PowerShell
[5.265s] DEBUG:colcon.colcon_core.shell:Skip shell extension 'dsv' for command environment
[5.280s] DEBUG:colcon.colcon_core.event_handler.log_command:Invoking command in '/choreo_system/build/chair_dance_sim': AMENT_PREFIX_PATH=/choreo_system/install/dance_manager:/choreo_system/install/dance_interfaces:${AMENT_PREFIX_PATH} CMAKE_PREFIX_PATH=/choreo_system/install/dance_interfaces:/opt/ros/humble LD_LIBRARY_PATH=/choreo_system/install/dance_interfaces/lib:${LD_LIBRARY_PATH} PYTHONPATH=/choreo_system/build/dance_manager:/choreo_system/install/dance_manager/lib/python3.10/site-packages:/choreo_system/install/dance_interfaces/local/lib/python3.10/dist-packages:${PYTHONPATH} /usr/bin/cmake /choreo_system/chair_dance_sim -DAMENT_CMAKE_SYMLINK_INSTALL=1 -DCMAKE_INSTALL_PREFIX=/choreo_system/install/chair_dance_sim
[5.938s] DEBUG:colcon.colcon_core.event_handler.log_command:Invoked command in '/choreo_system/build/chair_dance_sim' returned '0': AMENT_PREFIX_PATH=/choreo_system/install/dance_manager:/choreo_system/install/dance_interfaces:${AMENT_PREFIX_PATH} CMAKE_PREFIX_PATH=/choreo_system/install/dance_interfaces:/opt/ros/humble LD_LIBRARY_PATH=/choreo_system/install/dance_interfaces/lib:${LD_LIBRARY_PATH} PYTHONPATH=/choreo_system/build/dance_manager:/choreo_system/install/dance_manager/lib/python3.10/site-packages:/choreo_system/install/dance_interfaces/local/lib/python3.10/dist-packages:${PYTHONPATH} /usr/bin/cmake /choreo_system/chair_dance_sim -DAMENT_CMAKE_SYMLINK_INSTALL=1 -DCMAKE_INSTALL_PREFIX=/choreo_system/install/chair_dance_sim
[5.941s] DEBUG:colcon.colcon_core.event_handler.log_command:Invoking command in '/choreo_system/build/chair_dance_sim': AMENT_PREFIX_PATH=/choreo_system/install/dance_manager:/choreo_system/install/dance_interfaces:${AMENT_PREFIX_PATH} CMAKE_PREFIX_PATH=/choreo_system/install/dance_interfaces:/opt/ros/humble LD_LIBRARY_PATH=/choreo_system/install/dance_interfaces/lib:${LD_LIBRARY_PATH} PYTHONPATH=/choreo_system/build/dance_manager:/choreo_system/install/dance_manager/lib/python3.10/site-packages:/choreo_system/install/dance_interfaces/local/lib/python3.10/dist-packages:${PYTHONPATH} /usr/bin/cmake --build /choreo_system/build/chair_dance_sim -- -j10 -l10
[5.983s] DEBUG:colcon.colcon_core.event_handler.log_command:Invoked command in '/choreo_system/build/chair_dance_sim' returned '0': AMENT_PREFIX_PATH=/choreo_system/install/dance_manager:/choreo_system/install/dance_interfaces:${AMENT_PREFIX_PATH} CMAKE_PREFIX_PATH=/choreo_system/install/dance_interfaces:/opt/ros/humble LD_LIBRARY_PATH=/choreo_system/install/dance_interfaces/lib:${LD_LIBRARY_PATH} PYTHONPATH=/choreo_system/build/dance_manager:/choreo_system/install/dance_manager/lib/python3.10/site-packages:/choreo_system/install/dance_interfaces/local/lib/python3.10/dist-packages:${PYTHONPATH} /usr/bin/cmake --build /choreo_system/build/chair_dance_sim -- -j10 -l10
[5.986s] DEBUG:colcon.colcon_core.event_handler.log_command:Invoking command in '/choreo_system/build/chair_dance_sim': AMENT_PREFIX_PATH=/choreo_system/install/dance_manager:/choreo_system/install/dance_interfaces:${AMENT_PREFIX_PATH} CMAKE_PREFIX_PATH=/choreo_system/install/dance_interfaces:/opt/ros/humble LD_LIBRARY_PATH=/choreo_system/install/dance_interfaces/lib:${LD_LIBRARY_PATH} PYTHONPATH=/choreo_system/build/dance_manager:/choreo_system/install/dance_manager/lib/python3.10/site-packages:/choreo_system/install/dance_interfaces/local/lib/python3.10/dist-packages:${PYTHONPATH} /usr/bin/cmake --install /choreo_system/build/chair_dance_sim
[6.205s] Level 1:colcon.colcon_core.environment:create_environment_scripts_only(chair_dance_sim)
[6.205s] Level 1:colcon.colcon_core.environment:checking '/choreo_system/install/chair_dance_sim' for CMake module files
[6.205s] DEBUG:colcon.colcon_core.event_handler.log_command:Invoked command in '/choreo_system/build/chair_dance_sim' returned '0': AMENT_PREFIX_PATH=/choreo_system/install/dance_manager:/choreo_system/install/dance_interfaces:${AMENT_PREFIX_PATH} CMAKE_PREFIX_PATH=/choreo_system/install/dance_interfaces:/opt/ros/humble LD_LIBRARY_PATH=/choreo_system/install/dance_interfaces/lib:${LD_LIBRARY_PATH} PYTHONPATH=/choreo_system/build/dance_manager:/choreo_system/install/dance_manager/lib/python3.10/site-packages:/choreo_system/install/dance_interfaces/local/lib/python3.10/dist-packages:${PYTHONPATH} /usr/bin/cmake --install /choreo_system/build/chair_dance_sim
[6.208s] Level 1:colcon.colcon_core.environment:checking '/choreo_system/install/chair_dance_sim' for CMake config files
[6.209s] Level 1:colcon.colcon_core.shell:create_environment_hook('chair_dance_sim', 'cmake_prefix_path')
[6.209s] INFO:colcon.colcon_core.shell:Creating environment hook '/choreo_system/install/chair_dance_sim/share/chair_dance_sim/hook/cmake_prefix_path.ps1'
[6.210s] INFO:colcon.colcon_core.shell:Creating environment descriptor '/choreo_system/install/chair_dance_sim/share/chair_dance_sim/hook/cmake_prefix_path.dsv'
[6.211s] INFO:colcon.colcon_core.shell:Creating environment hook '/choreo_system/install/chair_dance_sim/share/chair_dance_sim/hook/cmake_prefix_path.sh'
[6.212s] Level 1:colcon.colcon_core.environment:checking '/choreo_system/install/chair_dance_sim/bin'
[6.212s] Level 1:colcon.colcon_core.environment:checking '/choreo_system/install/chair_dance_sim/lib/pkgconfig/chair_dance_sim.pc'
[6.212s] Level 1:colcon.colcon_core.environment:checking '/choreo_system/install/chair_dance_sim/lib/python3.10/site-packages'
[6.212s] Level 1:colcon.colcon_core.environment:checking '/choreo_system/install/chair_dance_sim/bin'
[6.213s] INFO:colcon.colcon_core.shell:Creating package script '/choreo_system/install/chair_dance_sim/share/chair_dance_sim/package.ps1'
[6.213s] INFO:colcon.colcon_core.shell:Creating package descriptor '/choreo_system/install/chair_dance_sim/share/chair_dance_sim/package.dsv'
[6.214s] INFO:colcon.colcon_core.shell:Creating package script '/choreo_system/install/chair_dance_sim/share/chair_dance_sim/package.sh'
[6.215s] INFO:colcon.colcon_core.shell:Creating package script '/choreo_system/install/chair_dance_sim/share/chair_dance_sim/package.bash'
[6.216s] INFO:colcon.colcon_core.shell:Creating package script '/choreo_system/install/chair_dance_sim/share/chair_dance_sim/package.zsh'
[6.216s] Level 1:colcon.colcon_core.environment:create_file_with_runtime_dependencies(/choreo_system/install/chair_dance_sim/share/colcon-core/packages/chair_dance_sim)
[6.218s] Level 1:colcon.colcon_core.environment:create_environment_scripts_only(chair_dance_sim)
[6.218s] Level 1:colcon.colcon_core.environment:checking '/choreo_system/install/chair_dance_sim' for CMake module files
[6.220s] Level 1:colcon.colcon_core.environment:checking '/choreo_system/install/chair_dance_sim' for CMake config files
[6.221s] Level 1:colcon.colcon_core.shell:create_environment_hook('chair_dance_sim', 'cmake_prefix_path')
[6.221s] INFO:colcon.colcon_core.shell:Creating environment hook '/choreo_system/install/chair_dance_sim/share/chair_dance_sim/hook/cmake_prefix_path.ps1'
[6.221s] INFO:colcon.colcon_core.shell:Creating environment descriptor '/choreo_system/install/chair_dance_sim/share/chair_dance_sim/hook/cmake_prefix_path.dsv'
[6.222s] INFO:colcon.colcon_core.shell:Creating environment hook '/choreo_system/install/chair_dance_sim/share/chair_dance_sim/hook/cmake_prefix_path.sh'
[6.223s] Level 1:colcon.colcon_core.environment:checking '/choreo_system/install/chair_dance_sim/bin'
[6.223s] Level 1:colcon.colcon_core.environment:checking '/choreo_system/install/chair_dance_sim/lib/pkgconfig/chair_dance_sim.pc'
[6.223s] Level 1:colcon.colcon_core.environment:checking '/choreo_system/install/chair_dance_sim/lib/python3.10/site-packages'
[6.223s] Level 1:colcon.colcon_core.environment:checking '/choreo_system/install/chair_dance_sim/bin'
[6.224s] INFO:colcon.colcon_core.shell:Creating package script '/choreo_system/install/chair_dance_sim/share/chair_dance_sim/package.ps1'
[6.224s] INFO:colcon.colcon_core.shell:Creating package descriptor '/choreo_system/install/chair_dance_sim/share/chair_dance_sim/package.dsv'
[6.225s] INFO:colcon.colcon_core.shell:Creating package script '/choreo_system/install/chair_dance_sim/share/chair_dance_sim/package.sh'
[6.226s] INFO:colcon.colcon_core.shell:Creating package script '/choreo_system/install/chair_dance_sim/share/chair_dance_sim/package.bash'
[6.226s] INFO:colcon.colcon_core.shell:Creating package script '/choreo_system/install/chair_dance_sim/share/chair_dance_sim/package.zsh'
[6.227s] Level 1:colcon.colcon_core.environment:create_file_with_runtime_dependencies(/choreo_system/install/chair_dance_sim/share/colcon-core/packages/chair_dance_sim)
[6.227s] DEBUG:colcon.colcon_parallel_executor.executor.parallel:closing loop
[6.227s] DEBUG:colcon.colcon_parallel_executor.executor.parallel:loop closed
[6.228s] DEBUG:colcon.colcon_parallel_executor.executor.parallel:run_until_complete finished with '0'
[6.228s] DEBUG:colcon.colcon_core.event_reactor:joining thread
[6.233s] INFO:colcon.colcon_core.plugin_system:Skipping extension 'colcon_notification.desktop_notification.terminal_notifier': Not used on non-Darwin systems
[6.233s] INFO:colcon.colcon_core.plugin_system:Skipping extension 'colcon_notification.desktop_notification.win32': Not used on non-Windows systems
[6.234s] INFO:colcon.colcon_notification.desktop_notification:Sending desktop notification using 'notify2'
[6.322s] DEBUG:colcon.colcon_core.event_reactor:joined thread
[6.323s] INFO:colcon.colcon_core.shell:Creating prefix script '/choreo_system/install/local_setup.ps1'
[6.324s] INFO:colcon.colcon_core.shell:Creating prefix util module '/choreo_system/install/_local_setup_util_ps1.py'
[6.326s] INFO:colcon.colcon_core.shell:Creating prefix chain script '/choreo_system/install/setup.ps1'
[6.327s] INFO:colcon.colcon_core.shell:Creating prefix script '/choreo_system/install/local_setup.sh'
[6.329s] INFO:colcon.colcon_core.shell:Creating prefix util module '/choreo_system/install/_local_setup_util_sh.py'
[6.330s] INFO:colcon.colcon_core.shell:Creating prefix chain script '/choreo_system/install/setup.sh'
[6.331s] INFO:colcon.colcon_core.shell:Creating prefix script '/choreo_system/install/local_setup.bash'
[6.332s] INFO:colcon.colcon_core.shell:Creating prefix chain script '/choreo_system/install/setup.bash'
[6.332s] INFO:colcon.colcon_core.shell:Creating prefix script '/choreo_system/install/local_setup.zsh'
[6.333s] INFO:colcon.colcon_core.shell:Creating prefix chain script '/choreo_system/install/setup.zsh'
