[35m[1mConsolidate compiler generated dependencies of target dance_interfaces__rosidl_generator_c[0m
[  6%] Built target dance_interfaces__cpp
[  6%] Built target dance_interfaces__rs
[ 15%] Built target dance_interfaces__rosidl_generator_c
[ 15%] Built target ament_cmake_python_symlink_dance_interfaces
[35m[1mConsolidate compiler generated dependencies of target dance_interfaces__rosidl_typesupport_introspection_cpp[0m
[35m[1mConsolidate compiler generated dependencies of target dance_interfaces__rosidl_typesupport_fastrtps_cpp[0m
[35m[1mConsolidate compiler generated dependencies of target dance_interfaces__rosidl_typesupport_cpp[0m
[35m[1mConsolidate compiler generated dependencies of target dance_interfaces__rosidl_typesupport_introspection_c[0m
[35m[1mConsolidate compiler generated dependencies of target dance_interfaces__rosidl_typesupport_fastrtps_c[0m
[35m[1mConsolidate compiler generated dependencies of target dance_interfaces__rosidl_typesupport_c[0m
[ 34%] Built target dance_interfaces__rosidl_typesupport_introspection_c
[ 34%] Built target dance_interfaces__rosidl_typesupport_c
[ 43%] Built target dance_interfaces__rosidl_typesupport_introspection_cpp
[ 53%] Built target dance_interfaces__rosidl_typesupport_cpp
[ 71%] Built target dance_interfaces__rosidl_typesupport_fastrtps_c
[ 71%] Built target dance_interfaces__rosidl_typesupport_fastrtps_cpp
[ 71%] Built target dance_interfaces
[ 75%] Built target dance_interfaces__py
[35m[1mConsolidate compiler generated dependencies of target dance_interfaces__rosidl_generator_py[0m
running egg_info
writing dance_interfaces.egg-info/PKG-INFO
writing dependency_links to dance_interfaces.egg-info/dependency_links.txt
writing top-level names to dance_interfaces.egg-info/top_level.txt
reading manifest file 'dance_interfaces.egg-info/SOURCES.txt'
writing manifest file 'dance_interfaces.egg-info/SOURCES.txt'
[ 75%] Built target ament_cmake_python_build_dance_interfaces_egg
[ 81%] Built target dance_interfaces__rosidl_generator_py
[35m[1mConsolidate compiler generated dependencies of target dance_interfaces__rosidl_typesupport_c__pyext[0m
[35m[1mConsolidate compiler generated dependencies of target dance_interfaces__rosidl_typesupport_fastrtps_c__pyext[0m
[35m[1mConsolidate compiler generated dependencies of target dance_interfaces__rosidl_typesupport_introspection_c__pyext[0m
[ 93%] Built target dance_interfaces__rosidl_typesupport_fastrtps_c__pyext
[100%] Built target dance_interfaces__rosidl_typesupport_introspection_c__pyext
[100%] Built target dance_interfaces__rosidl_typesupport_c__pyext
-- Install configuration: ""
-- Execute custom install script
-- Up-to-date symlink: /choreo_system/install/dance_interfaces/share/ament_index/resource_index/rosidl_interfaces/dance_interfaces
-- Up-to-date symlink: /choreo_system/install/dance_interfaces/include/dance_interfaces/dance_interfaces/action/dance.h
-- Up-to-date symlink: /choreo_system/install/dance_interfaces/include/dance_interfaces/dance_interfaces/action/detail/dance__functions.h
-- Up-to-date symlink: /choreo_system/install/dance_interfaces/include/dance_interfaces/dance_interfaces/action/detail/dance__struct.h
-- Up-to-date symlink: /choreo_system/install/dance_interfaces/include/dance_interfaces/dance_interfaces/action/detail/dance__type_support.h
-- Up-to-date symlink: /choreo_system/install/dance_interfaces/include/dance_interfaces/dance_interfaces/msg/rosidl_generator_c__visibility_control.h
-- Up-to-date symlink: /choreo_system/install/dance_interfaces/share/dance_interfaces/environment/library_path.sh
-- Up-to-date symlink: /choreo_system/install/dance_interfaces/share/dance_interfaces/environment/library_path.dsv
-- Up-to-date symlink: /choreo_system/install/dance_interfaces/include/dance_interfaces/dance_interfaces/action/detail/dance__rosidl_typesupport_fastrtps_c.h
-- Up-to-date symlink: /choreo_system/install/dance_interfaces/include/dance_interfaces/dance_interfaces/msg/rosidl_typesupport_fastrtps_c__visibility_control.h
-- Up-to-date symlink: /choreo_system/install/dance_interfaces/include/dance_interfaces/dance_interfaces/action/detail/dance__rosidl_typesupport_introspection_c.h
-- Up-to-date symlink: /choreo_system/install/dance_interfaces/include/dance_interfaces/dance_interfaces/msg/rosidl_typesupport_introspection_c__visibility_control.h
-- Up-to-date symlink: /choreo_system/install/dance_interfaces/include/dance_interfaces/dance_interfaces/action/dance.hpp
-- Up-to-date symlink: /choreo_system/install/dance_interfaces/include/dance_interfaces/dance_interfaces/action/detail/dance__builder.hpp
-- Up-to-date symlink: /choreo_system/install/dance_interfaces/include/dance_interfaces/dance_interfaces/action/detail/dance__struct.hpp
-- Up-to-date symlink: /choreo_system/install/dance_interfaces/include/dance_interfaces/dance_interfaces/action/detail/dance__traits.hpp
-- Up-to-date symlink: /choreo_system/install/dance_interfaces/include/dance_interfaces/dance_interfaces/action/detail/dance__type_support.hpp
-- Up-to-date symlink: /choreo_system/install/dance_interfaces/include/dance_interfaces/dance_interfaces/msg/rosidl_generator_cpp__visibility_control.hpp
-- Up-to-date symlink: /choreo_system/install/dance_interfaces/include/dance_interfaces/dance_interfaces/action/detail/dance__rosidl_typesupport_fastrtps_cpp.hpp
-- Up-to-date symlink: /choreo_system/install/dance_interfaces/include/dance_interfaces/dance_interfaces/msg/rosidl_typesupport_fastrtps_cpp__visibility_control.h
-- Up-to-date symlink: /choreo_system/install/dance_interfaces/include/dance_interfaces/dance_interfaces/action/detail/dance__rosidl_typesupport_introspection_cpp.hpp
-- Up-to-date symlink: /choreo_system/install/dance_interfaces/share/dance_interfaces/environment/pythonpath.sh
-- Up-to-date symlink: /choreo_system/install/dance_interfaces/share/dance_interfaces/environment/pythonpath.dsv
-- Up-to-date symlink: /choreo_system/install/dance_interfaces/local/lib/python3.10/dist-packages/dance_interfaces-0.0.0-py3.10.egg-info/PKG-INFO
-- Up-to-date symlink: /choreo_system/install/dance_interfaces/local/lib/python3.10/dist-packages/dance_interfaces-0.0.0-py3.10.egg-info/SOURCES.txt
-- Up-to-date symlink: /choreo_system/install/dance_interfaces/local/lib/python3.10/dist-packages/dance_interfaces-0.0.0-py3.10.egg-info/dependency_links.txt
-- Up-to-date symlink: /choreo_system/install/dance_interfaces/local/lib/python3.10/dist-packages/dance_interfaces-0.0.0-py3.10.egg-info/top_level.txt
-- Up-to-date symlink: /choreo_system/install/dance_interfaces/local/lib/python3.10/dist-packages/dance_interfaces/__init__.py
-- Up-to-date symlink: /choreo_system/install/dance_interfaces/local/lib/python3.10/dist-packages/dance_interfaces/_dance_interfaces_s.ep.rosidl_typesupport_c.c
-- Up-to-date symlink: /choreo_system/install/dance_interfaces/local/lib/python3.10/dist-packages/dance_interfaces/_dance_interfaces_s.ep.rosidl_typesupport_fastrtps_c.c
-- Up-to-date symlink: /choreo_system/install/dance_interfaces/local/lib/python3.10/dist-packages/dance_interfaces/_dance_interfaces_s.ep.rosidl_typesupport_introspection_c.c
-- Up-to-date symlink: /choreo_system/install/dance_interfaces/local/lib/python3.10/dist-packages/dance_interfaces/action/__init__.py
-- Up-to-date symlink: /choreo_system/install/dance_interfaces/local/lib/python3.10/dist-packages/dance_interfaces/action/_dance.py
-- Up-to-date symlink: /choreo_system/install/dance_interfaces/local/lib/python3.10/dist-packages/dance_interfaces/action/_dance_s.c
-- Up-to-date symlink: /choreo_system/install/dance_interfaces/local/lib/python3.10/dist-packages/dance_interfaces/dance_interfaces_s__rosidl_typesupport_c.cpython-310-aarch64-linux-gnu.so
-- Up-to-date symlink: /choreo_system/install/dance_interfaces/local/lib/python3.10/dist-packages/dance_interfaces/dance_interfaces_s__rosidl_typesupport_fastrtps_c.cpython-310-aarch64-linux-gnu.so
-- Up-to-date symlink: /choreo_system/install/dance_interfaces/local/lib/python3.10/dist-packages/dance_interfaces/dance_interfaces_s__rosidl_typesupport_introspection_c.cpython-310-aarch64-linux-gnu.so
-- Up-to-date symlink: /choreo_system/install/dance_interfaces/local/lib/python3.10/dist-packages/dance_interfaces/libdance_interfaces__rosidl_generator_py.so
-- Up-to-date symlink: /choreo_system/install/dance_interfaces/local/lib/python3.10/dist-packages/dance_interfaces/dance_interfaces_s__rosidl_typesupport_fastrtps_c.cpython-310-aarch64-linux-gnu.so
-- Up-to-date symlink: /choreo_system/install/dance_interfaces/local/lib/python3.10/dist-packages/dance_interfaces/dance_interfaces_s__rosidl_typesupport_introspection_c.cpython-310-aarch64-linux-gnu.so
-- Up-to-date symlink: /choreo_system/install/dance_interfaces/local/lib/python3.10/dist-packages/dance_interfaces/dance_interfaces_s__rosidl_typesupport_c.cpython-310-aarch64-linux-gnu.so
-- Up-to-date symlink: /choreo_system/install/dance_interfaces/share/ament_index/resource_index/rust_packages/dance_interfaces
-- Up-to-date symlink: /choreo_system/install/dance_interfaces/share/dance_interfaces/rust/Cargo.toml
-- Up-to-date symlink: /choreo_system/install/dance_interfaces/share/dance_interfaces/rust/build.rs
-- Up-to-date symlink: /choreo_system/install/dance_interfaces/share/dance_interfaces/rust/src/action.rs
-- Up-to-date symlink: /choreo_system/install/dance_interfaces/share/dance_interfaces/rust/src/action/rmw.rs
-- Up-to-date symlink: /choreo_system/install/dance_interfaces/share/dance_interfaces/rust/src/lib.rs
-- Up-to-date symlink: /choreo_system/install/dance_interfaces/share/dance_interfaces/action/Dance.idl
-- Up-to-date symlink: /choreo_system/install/dance_interfaces/share/dance_interfaces/action/Dance.action
-- Up-to-date symlink: /choreo_system/install/dance_interfaces/share/ament_index/resource_index/package_run_dependencies/dance_interfaces
-- Up-to-date symlink: /choreo_system/install/dance_interfaces/share/ament_index/resource_index/parent_prefix_path/dance_interfaces
-- Up-to-date symlink: /choreo_system/install/dance_interfaces/share/dance_interfaces/environment/ament_prefix_path.sh
-- Up-to-date symlink: /choreo_system/install/dance_interfaces/share/dance_interfaces/environment/ament_prefix_path.dsv
-- Up-to-date symlink: /choreo_system/install/dance_interfaces/share/dance_interfaces/environment/path.sh
-- Up-to-date symlink: /choreo_system/install/dance_interfaces/share/dance_interfaces/environment/path.dsv
-- Up-to-date symlink: /choreo_system/install/dance_interfaces/share/dance_interfaces/local_setup.bash
-- Up-to-date symlink: /choreo_system/install/dance_interfaces/share/dance_interfaces/local_setup.sh
-- Up-to-date symlink: /choreo_system/install/dance_interfaces/share/dance_interfaces/local_setup.zsh
-- Up-to-date symlink: /choreo_system/install/dance_interfaces/share/dance_interfaces/local_setup.dsv
-- Symlinking: /choreo_system/install/dance_interfaces/share/dance_interfaces/package.dsv
-- Up-to-date symlink: /choreo_system/install/dance_interfaces/share/ament_index/resource_index/packages/dance_interfaces
-- Up-to-date symlink: /choreo_system/install/dance_interfaces/share/dance_interfaces/cmake/rosidl_cmake-extras.cmake
-- Up-to-date symlink: /choreo_system/install/dance_interfaces/share/dance_interfaces/cmake/ament_cmake_export_dependencies-extras.cmake
-- Up-to-date symlink: /choreo_system/install/dance_interfaces/share/dance_interfaces/cmake/ament_cmake_export_include_directories-extras.cmake
-- Up-to-date symlink: /choreo_system/install/dance_interfaces/share/dance_interfaces/cmake/ament_cmake_export_libraries-extras.cmake
-- Up-to-date symlink: /choreo_system/install/dance_interfaces/share/dance_interfaces/cmake/ament_cmake_export_targets-extras.cmake
-- Up-to-date symlink: /choreo_system/install/dance_interfaces/share/dance_interfaces/cmake/rosidl_cmake_export_typesupport_targets-extras.cmake
-- Up-to-date symlink: /choreo_system/install/dance_interfaces/share/dance_interfaces/cmake/rosidl_cmake_export_typesupport_libraries-extras.cmake
-- Up-to-date symlink: /choreo_system/install/dance_interfaces/share/dance_interfaces/cmake/dance_interfacesConfig.cmake
-- Up-to-date symlink: /choreo_system/install/dance_interfaces/share/dance_interfaces/cmake/dance_interfacesConfig-version.cmake
-- Up-to-date symlink: /choreo_system/install/dance_interfaces/share/dance_interfaces/package.xml
-- Up-to-date: /choreo_system/install/dance_interfaces/lib/libdance_interfaces__rosidl_generator_c.so
-- Up-to-date: /choreo_system/install/dance_interfaces/lib/libdance_interfaces__rosidl_typesupport_fastrtps_c.so
-- Up-to-date: /choreo_system/install/dance_interfaces/lib/libdance_interfaces__rosidl_typesupport_introspection_c.so
-- Up-to-date: /choreo_system/install/dance_interfaces/lib/libdance_interfaces__rosidl_typesupport_c.so
-- Up-to-date: /choreo_system/install/dance_interfaces/lib/libdance_interfaces__rosidl_typesupport_fastrtps_cpp.so
-- Up-to-date: /choreo_system/install/dance_interfaces/lib/libdance_interfaces__rosidl_typesupport_introspection_cpp.so
-- Up-to-date: /choreo_system/install/dance_interfaces/lib/libdance_interfaces__rosidl_typesupport_cpp.so
Listing '/choreo_system/install/dance_interfaces/local/lib/python3.10/dist-packages/dance_interfaces'...
Listing '/choreo_system/install/dance_interfaces/local/lib/python3.10/dist-packages/dance_interfaces/action'...
-- Up-to-date: /choreo_system/install/dance_interfaces/lib/libdance_interfaces__rosidl_generator_py.so
-- Up-to-date: /choreo_system/install/dance_interfaces/share/dance_interfaces/cmake/export_dance_interfaces__rosidl_generator_cExport.cmake
-- Up-to-date: /choreo_system/install/dance_interfaces/share/dance_interfaces/cmake/export_dance_interfaces__rosidl_generator_cExport-noconfig.cmake
-- Up-to-date: /choreo_system/install/dance_interfaces/share/dance_interfaces/cmake/export_dance_interfaces__rosidl_typesupport_fastrtps_cExport.cmake
-- Up-to-date: /choreo_system/install/dance_interfaces/share/dance_interfaces/cmake/export_dance_interfaces__rosidl_typesupport_fastrtps_cExport-noconfig.cmake
-- Up-to-date: /choreo_system/install/dance_interfaces/share/dance_interfaces/cmake/dance_interfaces__rosidl_typesupport_introspection_cExport.cmake
-- Up-to-date: /choreo_system/install/dance_interfaces/share/dance_interfaces/cmake/dance_interfaces__rosidl_typesupport_introspection_cExport-noconfig.cmake
-- Up-to-date: /choreo_system/install/dance_interfaces/share/dance_interfaces/cmake/dance_interfaces__rosidl_typesupport_cExport.cmake
-- Up-to-date: /choreo_system/install/dance_interfaces/share/dance_interfaces/cmake/dance_interfaces__rosidl_typesupport_cExport-noconfig.cmake
-- Up-to-date: /choreo_system/install/dance_interfaces/share/dance_interfaces/cmake/export_dance_interfaces__rosidl_generator_cppExport.cmake
-- Up-to-date: /choreo_system/install/dance_interfaces/share/dance_interfaces/cmake/export_dance_interfaces__rosidl_typesupport_fastrtps_cppExport.cmake
-- Up-to-date: /choreo_system/install/dance_interfaces/share/dance_interfaces/cmake/export_dance_interfaces__rosidl_typesupport_fastrtps_cppExport-noconfig.cmake
-- Up-to-date: /choreo_system/install/dance_interfaces/share/dance_interfaces/cmake/dance_interfaces__rosidl_typesupport_introspection_cppExport.cmake
-- Up-to-date: /choreo_system/install/dance_interfaces/share/dance_interfaces/cmake/dance_interfaces__rosidl_typesupport_introspection_cppExport-noconfig.cmake
-- Up-to-date: /choreo_system/install/dance_interfaces/share/dance_interfaces/cmake/dance_interfaces__rosidl_typesupport_cppExport.cmake
-- Up-to-date: /choreo_system/install/dance_interfaces/share/dance_interfaces/cmake/dance_interfaces__rosidl_typesupport_cppExport-noconfig.cmake
-- Up-to-date: /choreo_system/install/dance_interfaces/share/dance_interfaces/cmake/export_dance_interfaces__rosidl_generator_pyExport.cmake
-- Up-to-date: /choreo_system/install/dance_interfaces/share/dance_interfaces/cmake/export_dance_interfaces__rosidl_generator_pyExport-noconfig.cmake
