[0.033s] Invoking command in '/choreo_system/build/dance_interfaces': CMAKE_PREFIX_PATH=${CMAKE_PREFIX_PATH}:/choreo_system/install/mobile_robot_control:/choreo_system/install/joy_teleop_keymapping:/choreo_system/install/dance_manager:/opt/ros/humble /usr/bin/cmake --build /choreo_system/build/dance_interfaces -- -j10 -l10
[0.489s] [35m[1mConsolidate compiler generated dependencies of target dance_interfaces__rosidl_generator_c[0m
[0.490s] [  6%] Built target dance_interfaces__cpp
[0.491s] [  6%] Built target dance_interfaces__rs
[0.491s] [ 15%] Built target dance_interfaces__rosidl_generator_c
[0.491s] [ 15%] Built target ament_cmake_python_symlink_dance_interfaces
[0.492s] [35m[1mConsolidate compiler generated dependencies of target dance_interfaces__rosidl_typesupport_introspection_cpp[0m
[0.492s] [35m[1mConsolidate compiler generated dependencies of target dance_interfaces__rosidl_typesupport_fastrtps_cpp[0m
[0.492s] [35m[1mConsolidate compiler generated dependencies of target dance_interfaces__rosidl_typesupport_cpp[0m
[0.492s] [35m[1mConsolidate compiler generated dependencies of target dance_interfaces__rosidl_typesupport_introspection_c[0m
[0.492s] [35m[1mConsolidate compiler generated dependencies of target dance_interfaces__rosidl_typesupport_fastrtps_c[0m
[0.493s] [35m[1mConsolidate compiler generated dependencies of target dance_interfaces__rosidl_typesupport_c[0m
[0.493s] [ 34%] Built target dance_interfaces__rosidl_typesupport_introspection_c
[0.493s] [ 34%] Built target dance_interfaces__rosidl_typesupport_c
[0.493s] [ 43%] Built target dance_interfaces__rosidl_typesupport_introspection_cpp
[0.493s] [ 53%] Built target dance_interfaces__rosidl_typesupport_cpp
[0.494s] [ 71%] Built target dance_interfaces__rosidl_typesupport_fastrtps_c
[0.494s] [ 71%] Built target dance_interfaces__rosidl_typesupport_fastrtps_cpp
[0.494s] [ 71%] Built target dance_interfaces
[0.495s] [ 75%] Built target dance_interfaces__py
[0.495s] [35m[1mConsolidate compiler generated dependencies of target dance_interfaces__rosidl_generator_py[0m
[0.496s] running egg_info
[0.496s] writing dance_interfaces.egg-info/PKG-INFO
[0.496s] writing dependency_links to dance_interfaces.egg-info/dependency_links.txt
[0.496s] writing top-level names to dance_interfaces.egg-info/top_level.txt
[0.497s] reading manifest file 'dance_interfaces.egg-info/SOURCES.txt'
[0.497s] writing manifest file 'dance_interfaces.egg-info/SOURCES.txt'
[0.497s] [ 75%] Built target ament_cmake_python_build_dance_interfaces_egg
[0.502s] [ 81%] Built target dance_interfaces__rosidl_generator_py
[0.524s] [35m[1mConsolidate compiler generated dependencies of target dance_interfaces__rosidl_typesupport_c__pyext[0m
[0.525s] [35m[1mConsolidate compiler generated dependencies of target dance_interfaces__rosidl_typesupport_fastrtps_c__pyext[0m
[0.526s] [35m[1mConsolidate compiler generated dependencies of target dance_interfaces__rosidl_typesupport_introspection_c__pyext[0m
[0.606s] [ 93%] Built target dance_interfaces__rosidl_typesupport_fastrtps_c__pyext
[0.606s] [100%] Built target dance_interfaces__rosidl_typesupport_introspection_c__pyext
[0.607s] [100%] Built target dance_interfaces__rosidl_typesupport_c__pyext
[0.690s] Invoked command in '/choreo_system/build/dance_interfaces' returned '0': CMAKE_PREFIX_PATH=${CMAKE_PREFIX_PATH}:/choreo_system/install/mobile_robot_control:/choreo_system/install/joy_teleop_keymapping:/choreo_system/install/dance_manager:/opt/ros/humble /usr/bin/cmake --build /choreo_system/build/dance_interfaces -- -j10 -l10
[0.703s] Invoking command in '/choreo_system/build/dance_interfaces': CMAKE_PREFIX_PATH=${CMAKE_PREFIX_PATH}:/choreo_system/install/mobile_robot_control:/choreo_system/install/joy_teleop_keymapping:/choreo_system/install/dance_manager:/opt/ros/humble /usr/bin/cmake --install /choreo_system/build/dance_interfaces
[0.714s] -- Install configuration: ""
[0.716s] -- Execute custom install script
[0.719s] -- Up-to-date symlink: /choreo_system/install/dance_interfaces/share/ament_index/resource_index/rosidl_interfaces/dance_interfaces
[0.724s] -- Up-to-date symlink: /choreo_system/install/dance_interfaces/include/dance_interfaces/dance_interfaces/action/dance.h
[0.725s] -- Up-to-date symlink: /choreo_system/install/dance_interfaces/include/dance_interfaces/dance_interfaces/action/detail/dance__functions.h
[0.726s] -- Up-to-date symlink: /choreo_system/install/dance_interfaces/include/dance_interfaces/dance_interfaces/action/detail/dance__struct.h
[0.726s] -- Up-to-date symlink: /choreo_system/install/dance_interfaces/include/dance_interfaces/dance_interfaces/action/detail/dance__type_support.h
[0.727s] -- Up-to-date symlink: /choreo_system/install/dance_interfaces/include/dance_interfaces/dance_interfaces/msg/rosidl_generator_c__visibility_control.h
[0.728s] -- Up-to-date symlink: /choreo_system/install/dance_interfaces/share/dance_interfaces/environment/library_path.sh
[0.728s] -- Up-to-date symlink: /choreo_system/install/dance_interfaces/share/dance_interfaces/environment/library_path.dsv
[0.731s] -- Up-to-date symlink: /choreo_system/install/dance_interfaces/include/dance_interfaces/dance_interfaces/action/detail/dance__rosidl_typesupport_fastrtps_c.h
[0.731s] -- Up-to-date symlink: /choreo_system/install/dance_interfaces/include/dance_interfaces/dance_interfaces/msg/rosidl_typesupport_fastrtps_c__visibility_control.h
[0.733s] -- Up-to-date symlink: /choreo_system/install/dance_interfaces/include/dance_interfaces/dance_interfaces/action/detail/dance__rosidl_typesupport_introspection_c.h
[0.733s] -- Up-to-date symlink: /choreo_system/install/dance_interfaces/include/dance_interfaces/dance_interfaces/msg/rosidl_typesupport_introspection_c__visibility_control.h
[0.735s] -- Up-to-date symlink: /choreo_system/install/dance_interfaces/include/dance_interfaces/dance_interfaces/action/dance.hpp
[0.735s] -- Up-to-date symlink: /choreo_system/install/dance_interfaces/include/dance_interfaces/dance_interfaces/action/detail/dance__builder.hpp
[0.735s] -- Up-to-date symlink: /choreo_system/install/dance_interfaces/include/dance_interfaces/dance_interfaces/action/detail/dance__struct.hpp
[0.736s] -- Up-to-date symlink: /choreo_system/install/dance_interfaces/include/dance_interfaces/dance_interfaces/action/detail/dance__traits.hpp
[0.736s] -- Up-to-date symlink: /choreo_system/install/dance_interfaces/include/dance_interfaces/dance_interfaces/action/detail/dance__type_support.hpp
[0.737s] -- Up-to-date symlink: /choreo_system/install/dance_interfaces/include/dance_interfaces/dance_interfaces/msg/rosidl_generator_cpp__visibility_control.hpp
[0.739s] -- Up-to-date symlink: /choreo_system/install/dance_interfaces/include/dance_interfaces/dance_interfaces/action/detail/dance__rosidl_typesupport_fastrtps_cpp.hpp
[0.740s] -- Up-to-date symlink: /choreo_system/install/dance_interfaces/include/dance_interfaces/dance_interfaces/msg/rosidl_typesupport_fastrtps_cpp__visibility_control.h
[0.741s] -- Up-to-date symlink: /choreo_system/install/dance_interfaces/include/dance_interfaces/dance_interfaces/action/detail/dance__rosidl_typesupport_introspection_cpp.hpp
[0.741s] -- Up-to-date symlink: /choreo_system/install/dance_interfaces/share/dance_interfaces/environment/pythonpath.sh
[0.742s] -- Up-to-date symlink: /choreo_system/install/dance_interfaces/share/dance_interfaces/environment/pythonpath.dsv
[0.742s] -- Up-to-date symlink: /choreo_system/install/dance_interfaces/local/lib/python3.10/dist-packages/dance_interfaces-0.0.0-py3.10.egg-info/PKG-INFO
[0.743s] -- Up-to-date symlink: /choreo_system/install/dance_interfaces/local/lib/python3.10/dist-packages/dance_interfaces-0.0.0-py3.10.egg-info/SOURCES.txt
[0.743s] -- Up-to-date symlink: /choreo_system/install/dance_interfaces/local/lib/python3.10/dist-packages/dance_interfaces-0.0.0-py3.10.egg-info/dependency_links.txt
[0.744s] -- Up-to-date symlink: /choreo_system/install/dance_interfaces/local/lib/python3.10/dist-packages/dance_interfaces-0.0.0-py3.10.egg-info/top_level.txt
[0.746s] -- Up-to-date symlink: /choreo_system/install/dance_interfaces/local/lib/python3.10/dist-packages/dance_interfaces/__init__.py
[0.746s] -- Up-to-date symlink: /choreo_system/install/dance_interfaces/local/lib/python3.10/dist-packages/dance_interfaces/_dance_interfaces_s.ep.rosidl_typesupport_c.c
[0.747s] -- Up-to-date symlink: /choreo_system/install/dance_interfaces/local/lib/python3.10/dist-packages/dance_interfaces/_dance_interfaces_s.ep.rosidl_typesupport_fastrtps_c.c
[0.747s] -- Up-to-date symlink: /choreo_system/install/dance_interfaces/local/lib/python3.10/dist-packages/dance_interfaces/_dance_interfaces_s.ep.rosidl_typesupport_introspection_c.c
[0.747s] -- Up-to-date symlink: /choreo_system/install/dance_interfaces/local/lib/python3.10/dist-packages/dance_interfaces/action/__init__.py
[0.748s] -- Up-to-date symlink: /choreo_system/install/dance_interfaces/local/lib/python3.10/dist-packages/dance_interfaces/action/_dance.py
[0.748s] -- Up-to-date symlink: /choreo_system/install/dance_interfaces/local/lib/python3.10/dist-packages/dance_interfaces/action/_dance_s.c
[0.749s] -- Up-to-date symlink: /choreo_system/install/dance_interfaces/local/lib/python3.10/dist-packages/dance_interfaces/dance_interfaces_s__rosidl_typesupport_c.cpython-310-aarch64-linux-gnu.so
[0.749s] -- Up-to-date symlink: /choreo_system/install/dance_interfaces/local/lib/python3.10/dist-packages/dance_interfaces/dance_interfaces_s__rosidl_typesupport_fastrtps_c.cpython-310-aarch64-linux-gnu.so
[0.750s] -- Up-to-date symlink: /choreo_system/install/dance_interfaces/local/lib/python3.10/dist-packages/dance_interfaces/dance_interfaces_s__rosidl_typesupport_introspection_c.cpython-310-aarch64-linux-gnu.so
[0.751s] -- Up-to-date symlink: /choreo_system/install/dance_interfaces/local/lib/python3.10/dist-packages/dance_interfaces/libdance_interfaces__rosidl_generator_py.so
[0.751s] -- Up-to-date symlink: /choreo_system/install/dance_interfaces/local/lib/python3.10/dist-packages/dance_interfaces/dance_interfaces_s__rosidl_typesupport_fastrtps_c.cpython-310-aarch64-linux-gnu.so
[0.753s] -- Up-to-date symlink: /choreo_system/install/dance_interfaces/local/lib/python3.10/dist-packages/dance_interfaces/dance_interfaces_s__rosidl_typesupport_introspection_c.cpython-310-aarch64-linux-gnu.so
[0.753s] -- Up-to-date symlink: /choreo_system/install/dance_interfaces/local/lib/python3.10/dist-packages/dance_interfaces/dance_interfaces_s__rosidl_typesupport_c.cpython-310-aarch64-linux-gnu.so
[0.754s] -- Up-to-date symlink: /choreo_system/install/dance_interfaces/share/ament_index/resource_index/rust_packages/dance_interfaces
[0.755s] -- Up-to-date symlink: /choreo_system/install/dance_interfaces/share/dance_interfaces/rust/Cargo.toml
[0.755s] -- Up-to-date symlink: /choreo_system/install/dance_interfaces/share/dance_interfaces/rust/build.rs
[0.756s] -- Up-to-date symlink: /choreo_system/install/dance_interfaces/share/dance_interfaces/rust/src/action.rs
[0.756s] -- Up-to-date symlink: /choreo_system/install/dance_interfaces/share/dance_interfaces/rust/src/action/rmw.rs
[0.757s] -- Up-to-date symlink: /choreo_system/install/dance_interfaces/share/dance_interfaces/rust/src/lib.rs
[0.757s] -- Up-to-date symlink: /choreo_system/install/dance_interfaces/share/dance_interfaces/action/Dance.idl
[0.758s] -- Up-to-date symlink: /choreo_system/install/dance_interfaces/share/dance_interfaces/action/Dance.action
[0.758s] -- Up-to-date symlink: /choreo_system/install/dance_interfaces/share/ament_index/resource_index/package_run_dependencies/dance_interfaces
[0.758s] -- Up-to-date symlink: /choreo_system/install/dance_interfaces/share/ament_index/resource_index/parent_prefix_path/dance_interfaces
[0.759s] -- Up-to-date symlink: /choreo_system/install/dance_interfaces/share/dance_interfaces/environment/ament_prefix_path.sh
[0.759s] -- Up-to-date symlink: /choreo_system/install/dance_interfaces/share/dance_interfaces/environment/ament_prefix_path.dsv
[0.760s] -- Up-to-date symlink: /choreo_system/install/dance_interfaces/share/dance_interfaces/environment/path.sh
[0.760s] -- Up-to-date symlink: /choreo_system/install/dance_interfaces/share/dance_interfaces/environment/path.dsv
[0.761s] -- Up-to-date symlink: /choreo_system/install/dance_interfaces/share/dance_interfaces/local_setup.bash
[0.761s] -- Up-to-date symlink: /choreo_system/install/dance_interfaces/share/dance_interfaces/local_setup.sh
[0.761s] -- Up-to-date symlink: /choreo_system/install/dance_interfaces/share/dance_interfaces/local_setup.zsh
[0.762s] -- Up-to-date symlink: /choreo_system/install/dance_interfaces/share/dance_interfaces/local_setup.dsv
[0.763s] -- Symlinking: /choreo_system/install/dance_interfaces/share/dance_interfaces/package.dsv
[0.774s] -- Up-to-date symlink: /choreo_system/install/dance_interfaces/share/ament_index/resource_index/packages/dance_interfaces
[0.775s] -- Up-to-date symlink: /choreo_system/install/dance_interfaces/share/dance_interfaces/cmake/rosidl_cmake-extras.cmake
[0.776s] -- Up-to-date symlink: /choreo_system/install/dance_interfaces/share/dance_interfaces/cmake/ament_cmake_export_dependencies-extras.cmake
[0.777s] -- Up-to-date symlink: /choreo_system/install/dance_interfaces/share/dance_interfaces/cmake/ament_cmake_export_include_directories-extras.cmake
[0.778s] -- Up-to-date symlink: /choreo_system/install/dance_interfaces/share/dance_interfaces/cmake/ament_cmake_export_libraries-extras.cmake
[0.779s] -- Up-to-date symlink: /choreo_system/install/dance_interfaces/share/dance_interfaces/cmake/ament_cmake_export_targets-extras.cmake
[0.779s] -- Up-to-date symlink: /choreo_system/install/dance_interfaces/share/dance_interfaces/cmake/rosidl_cmake_export_typesupport_targets-extras.cmake
[0.780s] -- Up-to-date symlink: /choreo_system/install/dance_interfaces/share/dance_interfaces/cmake/rosidl_cmake_export_typesupport_libraries-extras.cmake
[0.780s] -- Up-to-date symlink: /choreo_system/install/dance_interfaces/share/dance_interfaces/cmake/dance_interfacesConfig.cmake
[0.781s] -- Up-to-date symlink: /choreo_system/install/dance_interfaces/share/dance_interfaces/cmake/dance_interfacesConfig-version.cmake
[0.781s] -- Up-to-date symlink: /choreo_system/install/dance_interfaces/share/dance_interfaces/package.xml
[0.784s] -- Up-to-date: /choreo_system/install/dance_interfaces/lib/libdance_interfaces__rosidl_generator_c.so
[0.785s] -- Up-to-date: /choreo_system/install/dance_interfaces/lib/libdance_interfaces__rosidl_typesupport_fastrtps_c.so
[0.786s] -- Up-to-date: /choreo_system/install/dance_interfaces/lib/libdance_interfaces__rosidl_typesupport_introspection_c.so
[0.787s] -- Up-to-date: /choreo_system/install/dance_interfaces/lib/libdance_interfaces__rosidl_typesupport_c.so
[0.788s] -- Up-to-date: /choreo_system/install/dance_interfaces/lib/libdance_interfaces__rosidl_typesupport_fastrtps_cpp.so
[0.789s] -- Up-to-date: /choreo_system/install/dance_interfaces/lib/libdance_interfaces__rosidl_typesupport_introspection_cpp.so
[0.789s] -- Up-to-date: /choreo_system/install/dance_interfaces/lib/libdance_interfaces__rosidl_typesupport_cpp.so
[0.825s] Listing '/choreo_system/install/dance_interfaces/local/lib/python3.10/dist-packages/dance_interfaces'...
[0.826s] Listing '/choreo_system/install/dance_interfaces/local/lib/python3.10/dist-packages/dance_interfaces/action'...
[0.830s] -- Up-to-date: /choreo_system/install/dance_interfaces/lib/libdance_interfaces__rosidl_generator_py.so
[0.831s] -- Up-to-date: /choreo_system/install/dance_interfaces/share/dance_interfaces/cmake/export_dance_interfaces__rosidl_generator_cExport.cmake
[0.831s] -- Up-to-date: /choreo_system/install/dance_interfaces/share/dance_interfaces/cmake/export_dance_interfaces__rosidl_generator_cExport-noconfig.cmake
[0.832s] -- Up-to-date: /choreo_system/install/dance_interfaces/share/dance_interfaces/cmake/export_dance_interfaces__rosidl_typesupport_fastrtps_cExport.cmake
[0.835s] -- Up-to-date: /choreo_system/install/dance_interfaces/share/dance_interfaces/cmake/export_dance_interfaces__rosidl_typesupport_fastrtps_cExport-noconfig.cmake
[0.835s] -- Up-to-date: /choreo_system/install/dance_interfaces/share/dance_interfaces/cmake/dance_interfaces__rosidl_typesupport_introspection_cExport.cmake
[0.836s] -- Up-to-date: /choreo_system/install/dance_interfaces/share/dance_interfaces/cmake/dance_interfaces__rosidl_typesupport_introspection_cExport-noconfig.cmake
[0.837s] -- Up-to-date: /choreo_system/install/dance_interfaces/share/dance_interfaces/cmake/dance_interfaces__rosidl_typesupport_cExport.cmake
[0.837s] -- Up-to-date: /choreo_system/install/dance_interfaces/share/dance_interfaces/cmake/dance_interfaces__rosidl_typesupport_cExport-noconfig.cmake
[0.838s] -- Up-to-date: /choreo_system/install/dance_interfaces/share/dance_interfaces/cmake/export_dance_interfaces__rosidl_generator_cppExport.cmake
[0.839s] -- Up-to-date: /choreo_system/install/dance_interfaces/share/dance_interfaces/cmake/export_dance_interfaces__rosidl_typesupport_fastrtps_cppExport.cmake
[0.839s] -- Up-to-date: /choreo_system/install/dance_interfaces/share/dance_interfaces/cmake/export_dance_interfaces__rosidl_typesupport_fastrtps_cppExport-noconfig.cmake
[0.840s] -- Up-to-date: /choreo_system/install/dance_interfaces/share/dance_interfaces/cmake/dance_interfaces__rosidl_typesupport_introspection_cppExport.cmake
[0.841s] -- Up-to-date: /choreo_system/install/dance_interfaces/share/dance_interfaces/cmake/dance_interfaces__rosidl_typesupport_introspection_cppExport-noconfig.cmake
[0.842s] -- Up-to-date: /choreo_system/install/dance_interfaces/share/dance_interfaces/cmake/dance_interfaces__rosidl_typesupport_cppExport.cmake
[0.844s] -- Up-to-date: /choreo_system/install/dance_interfaces/share/dance_interfaces/cmake/dance_interfaces__rosidl_typesupport_cppExport-noconfig.cmake
[0.845s] -- Up-to-date: /choreo_system/install/dance_interfaces/share/dance_interfaces/cmake/export_dance_interfaces__rosidl_generator_pyExport.cmake
[0.848s] -- Up-to-date: /choreo_system/install/dance_interfaces/share/dance_interfaces/cmake/export_dance_interfaces__rosidl_generator_pyExport-noconfig.cmake
[0.852s] Invoked command in '/choreo_system/build/dance_interfaces' returned '0': CMAKE_PREFIX_PATH=${CMAKE_PREFIX_PATH}:/choreo_system/install/mobile_robot_control:/choreo_system/install/joy_teleop_keymapping:/choreo_system/install/dance_manager:/opt/ros/humble /usr/bin/cmake --install /choreo_system/build/dance_interfaces
