-- The C compiler identification is GNU 11.4.0
-- The CXX compiler identification is GNU 11.4.0
-- Detecting C compiler ABI info
-- Detecting C compiler ABI info - done
-- Check for working C compiler: /usr/bin/cc - skipped
-- Detecting C compile features
-- Detecting C compile features - done
-- Detecting CXX compiler ABI info
-- Detecting CXX compiler ABI info - done
-- Check for working CXX compiler: /usr/bin/c++ - skipped
-- Detecting CXX compile features
-- Detecting CXX compile features - done
-- Found ament_cmake: 1.3.14 (/opt/ros/humble/share/ament_cmake/cmake)
-- Found Python3: /usr/bin/python3 (found version "3.10.12") found components: Interpreter 
-- Override CMake install command with custom implementation using symlinks instead of copying resources
-- Found rosidl_default_generators: 1.2.1 (/opt/ros/humble/share/rosidl_default_generators/cmake)
-- Using all available rosidl_typesupport_c: rosidl_typesupport_fastrtps_c;rosidl_typesupport_introspection_c
-- Found rosidl_adapter: 3.1.8 (/opt/ros/humble/share/rosidl_adapter/cmake)
-- Using all available rosidl_typesupport_cpp: rosidl_typesupport_fastrtps_cpp;rosidl_typesupport_introspection_cpp
-- Found ament_cmake_ros: 0.10.0 (/opt/ros/humble/share/ament_cmake_ros/cmake)
-- Using all available rosidl_typesupport_c: rosidl_typesupport_fastrtps_c;rosidl_typesupport_introspection_c
-- Using all available rosidl_typesupport_cpp: rosidl_typesupport_fastrtps_cpp;rosidl_typesupport_introspection_cpp
-- Found PythonInterp: /usr/bin/python3 (found suitable version "3.10.12", minimum required is "3.6") 
-- Found python_cmake_module: 0.10.0 (/opt/ros/humble/share/python_cmake_module/cmake)
-- Found PythonLibs: /usr/lib/aarch64-linux-gnu/libpython3.10.so (found suitable version "3.10.12", minimum required is "3.5") 
-- Using PYTHON_EXECUTABLE: /usr/bin/python3
-- Using PYTHON_INCLUDE_DIRS: /usr/include/python3.10
-- Using PYTHON_LIBRARIES: /usr/lib/aarch64-linux-gnu/libpython3.10.so
-- Found PythonExtra: .so  
-- Found ament_lint_auto: 0.12.15 (/opt/ros/humble/share/ament_lint_auto/cmake)
-- Added test 'lint_cmake' to check CMake code style
-- Added test 'xmllint' to check XML markup files
-- Configuring done
-- Generating done
-- Build files have been written to: /choreo_system/build/dance_interfaces
[  3%] [34m[1mGenerating C code for ROS interfaces[0m
[  9%] [34m[1mGenerating Rust code for ROS interfaces[0m
[  9%] [34m[1mGenerating C++ code for ROS interfaces[0m
[  9%] Built target ament_cmake_python_symlink_dance_interfaces
running egg_info
creating dance_interfaces.egg-info
writing dance_interfaces.egg-info/PKG-INFO
writing dependency_links to dance_interfaces.egg-info/dependency_links.txt
writing top-level names to dance_interfaces.egg-info/top_level.txt
writing manifest file 'dance_interfaces.egg-info/SOURCES.txt'
reading manifest file 'dance_interfaces.egg-info/SOURCES.txt'
writing manifest file 'dance_interfaces.egg-info/SOURCES.txt'
[  9%] Built target ament_cmake_python_build_dance_interfaces_egg
[  9%] Built target dance_interfaces__rs
[  9%] Built target dance_interfaces__cpp
[ 21%] [32mBuilding C object CMakeFiles/dance_interfaces__rosidl_generator_c.dir/rosidl_generator_c/dance_interfaces/action/detail/dance__functions.c.o[0m
[ 21%] [34m[1mGenerating C++ type support for eProsima Fast-RTPS[0m
[ 21%] [34m[1mGenerating C++ type support dispatch for ROS interfaces[0m
[ 21%] [34m[1mGenerating C++ introspection for ROS interfaces[0m
[ 25%] [32m[1mLinking C shared library libdance_interfaces__rosidl_generator_c.so[0m
[ 25%] Built target dance_interfaces__rosidl_generator_c
[ 34%] [34m[1mGenerating C type support for eProsima Fast-RTPS[0m
[ 34%] [34m[1mGenerating C introspection for ROS interfaces[0m
[ 34%] [34m[1mGenerating C type support dispatch for ROS interfaces[0m
[ 37%] [32mBuilding CXX object CMakeFiles/dance_interfaces__rosidl_typesupport_cpp.dir/rosidl_typesupport_cpp/dance_interfaces/action/dance__type_support.cpp.o[0m
[ 40%] [32mBuilding CXX object CMakeFiles/dance_interfaces__rosidl_typesupport_introspection_cpp.dir/rosidl_typesupport_introspection_cpp/dance_interfaces/action/detail/dance__type_support.cpp.o[0m
[ 43%] [32mBuilding CXX object CMakeFiles/dance_interfaces__rosidl_typesupport_fastrtps_cpp.dir/rosidl_typesupport_fastrtps_cpp/dance_interfaces/action/detail/dds_fastrtps/dance__type_support.cpp.o[0m
[ 46%] [32mBuilding CXX object CMakeFiles/dance_interfaces__rosidl_typesupport_c.dir/rosidl_typesupport_c/dance_interfaces/action/dance__type_support.cpp.o[0m
[ 50%] [32mBuilding C object CMakeFiles/dance_interfaces__rosidl_typesupport_introspection_c.dir/rosidl_typesupport_introspection_c/dance_interfaces/action/detail/dance__type_support.c.o[0m
[ 53%] [32mBuilding CXX object CMakeFiles/dance_interfaces__rosidl_typesupport_fastrtps_c.dir/rosidl_typesupport_fastrtps_c/dance_interfaces/action/detail/dance__type_support_c.cpp.o[0m
[ 56%] [32m[1mLinking CXX shared library libdance_interfaces__rosidl_typesupport_c.so[0m
[ 56%] Built target dance_interfaces__rosidl_typesupport_c
[ 59%] [32m[1mLinking C shared library libdance_interfaces__rosidl_typesupport_introspection_c.so[0m
[ 59%] Built target dance_interfaces__rosidl_typesupport_introspection_c
[ 62%] [32m[1mLinking CXX shared library libdance_interfaces__rosidl_typesupport_cpp.so[0m
[ 62%] Built target dance_interfaces__rosidl_typesupport_cpp
[ 65%] [32m[1mLinking CXX shared library libdance_interfaces__rosidl_typesupport_introspection_cpp.so[0m
[ 68%] [32m[1mLinking CXX shared library libdance_interfaces__rosidl_typesupport_fastrtps_cpp.so[0m
[ 68%] Built target dance_interfaces__rosidl_typesupport_introspection_cpp
[ 71%] [32m[1mLinking CXX shared library libdance_interfaces__rosidl_typesupport_fastrtps_c.so[0m
[ 71%] Built target dance_interfaces__rosidl_typesupport_fastrtps_cpp
[ 71%] Built target dance_interfaces__rosidl_typesupport_fastrtps_c
[ 71%] Built target dance_interfaces
[ 75%] [34m[1mGenerating Python code for ROS interfaces[0m
[ 75%] Built target dance_interfaces__py
[ 78%] [32mBuilding C object CMakeFiles/dance_interfaces__rosidl_generator_py.dir/rosidl_generator_py/dance_interfaces/action/_dance_s.c.o[0m
[ 81%] [32m[1mLinking C shared library rosidl_generator_py/dance_interfaces/libdance_interfaces__rosidl_generator_py.so[0m
[ 81%] Built target dance_interfaces__rosidl_generator_py
[ 90%] [32mBuilding C object CMakeFiles/dance_interfaces__rosidl_typesupport_fastrtps_c__pyext.dir/rosidl_generator_py/dance_interfaces/_dance_interfaces_s.ep.rosidl_typesupport_fastrtps_c.c.o[0m
[ 90%] [32mBuilding C object CMakeFiles/dance_interfaces__rosidl_typesupport_introspection_c__pyext.dir/rosidl_generator_py/dance_interfaces/_dance_interfaces_s.ep.rosidl_typesupport_introspection_c.c.o[0m
[ 90%] [32mBuilding C object CMakeFiles/dance_interfaces__rosidl_typesupport_c__pyext.dir/rosidl_generator_py/dance_interfaces/_dance_interfaces_s.ep.rosidl_typesupport_c.c.o[0m
[ 93%] [32m[1mLinking C shared library rosidl_generator_py/dance_interfaces/dance_interfaces_s__rosidl_typesupport_introspection_c.cpython-310-aarch64-linux-gnu.so[0m
[ 96%] [32m[1mLinking C shared library rosidl_generator_py/dance_interfaces/dance_interfaces_s__rosidl_typesupport_c.cpython-310-aarch64-linux-gnu.so[0m
[100%] [32m[1mLinking C shared library rosidl_generator_py/dance_interfaces/dance_interfaces_s__rosidl_typesupport_fastrtps_c.cpython-310-aarch64-linux-gnu.so[0m
[100%] Built target dance_interfaces__rosidl_typesupport_introspection_c__pyext
[100%] Built target dance_interfaces__rosidl_typesupport_c__pyext
[100%] Built target dance_interfaces__rosidl_typesupport_fastrtps_c__pyext
-- Install configuration: ""
-- Execute custom install script
-- Symlinking: /choreo_system/install/dance_interfaces/share/ament_index/resource_index/rosidl_interfaces/dance_interfaces
-- Symlinking: /choreo_system/install/dance_interfaces/include/dance_interfaces/dance_interfaces/action/dance.h
-- Symlinking: /choreo_system/install/dance_interfaces/include/dance_interfaces/dance_interfaces/action/detail/dance__functions.h
-- Symlinking: /choreo_system/install/dance_interfaces/include/dance_interfaces/dance_interfaces/action/detail/dance__struct.h
-- Symlinking: /choreo_system/install/dance_interfaces/include/dance_interfaces/dance_interfaces/action/detail/dance__type_support.h
-- Symlinking: /choreo_system/install/dance_interfaces/include/dance_interfaces/dance_interfaces/msg/rosidl_generator_c__visibility_control.h
-- Symlinking: /choreo_system/install/dance_interfaces/share/dance_interfaces/environment/library_path.sh
-- Symlinking: /choreo_system/install/dance_interfaces/share/dance_interfaces/environment/library_path.dsv
-- Symlinking: /choreo_system/install/dance_interfaces/include/dance_interfaces/dance_interfaces/action/detail/dance__rosidl_typesupport_fastrtps_c.h
-- Symlinking: /choreo_system/install/dance_interfaces/include/dance_interfaces/dance_interfaces/msg/rosidl_typesupport_fastrtps_c__visibility_control.h
-- Symlinking: /choreo_system/install/dance_interfaces/include/dance_interfaces/dance_interfaces/action/detail/dance__rosidl_typesupport_introspection_c.h
-- Symlinking: /choreo_system/install/dance_interfaces/include/dance_interfaces/dance_interfaces/msg/rosidl_typesupport_introspection_c__visibility_control.h
-- Symlinking: /choreo_system/install/dance_interfaces/include/dance_interfaces/dance_interfaces/action/dance.hpp
-- Symlinking: /choreo_system/install/dance_interfaces/include/dance_interfaces/dance_interfaces/action/detail/dance__builder.hpp
-- Symlinking: /choreo_system/install/dance_interfaces/include/dance_interfaces/dance_interfaces/action/detail/dance__struct.hpp
-- Symlinking: /choreo_system/install/dance_interfaces/include/dance_interfaces/dance_interfaces/action/detail/dance__traits.hpp
-- Symlinking: /choreo_system/install/dance_interfaces/include/dance_interfaces/dance_interfaces/action/detail/dance__type_support.hpp
-- Symlinking: /choreo_system/install/dance_interfaces/include/dance_interfaces/dance_interfaces/msg/rosidl_generator_cpp__visibility_control.hpp
-- Symlinking: /choreo_system/install/dance_interfaces/include/dance_interfaces/dance_interfaces/action/detail/dance__rosidl_typesupport_fastrtps_cpp.hpp
-- Symlinking: /choreo_system/install/dance_interfaces/include/dance_interfaces/dance_interfaces/msg/rosidl_typesupport_fastrtps_cpp__visibility_control.h
-- Symlinking: /choreo_system/install/dance_interfaces/include/dance_interfaces/dance_interfaces/action/detail/dance__rosidl_typesupport_introspection_cpp.hpp
-- Symlinking: /choreo_system/install/dance_interfaces/share/dance_interfaces/environment/pythonpath.sh
-- Symlinking: /choreo_system/install/dance_interfaces/share/dance_interfaces/environment/pythonpath.dsv
-- Symlinking: /choreo_system/install/dance_interfaces/local/lib/python3.10/dist-packages/dance_interfaces-0.0.0-py3.10.egg-info/PKG-INFO
-- Symlinking: /choreo_system/install/dance_interfaces/local/lib/python3.10/dist-packages/dance_interfaces-0.0.0-py3.10.egg-info/SOURCES.txt
-- Symlinking: /choreo_system/install/dance_interfaces/local/lib/python3.10/dist-packages/dance_interfaces-0.0.0-py3.10.egg-info/dependency_links.txt
-- Symlinking: /choreo_system/install/dance_interfaces/local/lib/python3.10/dist-packages/dance_interfaces-0.0.0-py3.10.egg-info/top_level.txt
-- Symlinking: /choreo_system/install/dance_interfaces/local/lib/python3.10/dist-packages/dance_interfaces/__init__.py
-- Symlinking: /choreo_system/install/dance_interfaces/local/lib/python3.10/dist-packages/dance_interfaces/_dance_interfaces_s.ep.rosidl_typesupport_c.c
-- Symlinking: /choreo_system/install/dance_interfaces/local/lib/python3.10/dist-packages/dance_interfaces/_dance_interfaces_s.ep.rosidl_typesupport_fastrtps_c.c
-- Symlinking: /choreo_system/install/dance_interfaces/local/lib/python3.10/dist-packages/dance_interfaces/_dance_interfaces_s.ep.rosidl_typesupport_introspection_c.c
-- Symlinking: /choreo_system/install/dance_interfaces/local/lib/python3.10/dist-packages/dance_interfaces/action/__init__.py
-- Symlinking: /choreo_system/install/dance_interfaces/local/lib/python3.10/dist-packages/dance_interfaces/action/_dance.py
-- Symlinking: /choreo_system/install/dance_interfaces/local/lib/python3.10/dist-packages/dance_interfaces/action/_dance_s.c
-- Symlinking: /choreo_system/install/dance_interfaces/local/lib/python3.10/dist-packages/dance_interfaces/dance_interfaces_s__rosidl_typesupport_c.cpython-310-aarch64-linux-gnu.so
-- Symlinking: /choreo_system/install/dance_interfaces/local/lib/python3.10/dist-packages/dance_interfaces/dance_interfaces_s__rosidl_typesupport_fastrtps_c.cpython-310-aarch64-linux-gnu.so
-- Symlinking: /choreo_system/install/dance_interfaces/local/lib/python3.10/dist-packages/dance_interfaces/dance_interfaces_s__rosidl_typesupport_introspection_c.cpython-310-aarch64-linux-gnu.so
-- Symlinking: /choreo_system/install/dance_interfaces/local/lib/python3.10/dist-packages/dance_interfaces/libdance_interfaces__rosidl_generator_py.so
-- Up-to-date symlink: /choreo_system/install/dance_interfaces/local/lib/python3.10/dist-packages/dance_interfaces/dance_interfaces_s__rosidl_typesupport_fastrtps_c.cpython-310-aarch64-linux-gnu.so
-- Up-to-date symlink: /choreo_system/install/dance_interfaces/local/lib/python3.10/dist-packages/dance_interfaces/dance_interfaces_s__rosidl_typesupport_introspection_c.cpython-310-aarch64-linux-gnu.so
-- Up-to-date symlink: /choreo_system/install/dance_interfaces/local/lib/python3.10/dist-packages/dance_interfaces/dance_interfaces_s__rosidl_typesupport_c.cpython-310-aarch64-linux-gnu.so
-- Symlinking: /choreo_system/install/dance_interfaces/share/ament_index/resource_index/rust_packages/dance_interfaces
-- Symlinking: /choreo_system/install/dance_interfaces/share/dance_interfaces/rust/Cargo.toml
-- Symlinking: /choreo_system/install/dance_interfaces/share/dance_interfaces/rust/build.rs
-- Symlinking: /choreo_system/install/dance_interfaces/share/dance_interfaces/rust/src/action.rs
-- Symlinking: /choreo_system/install/dance_interfaces/share/dance_interfaces/rust/src/action/rmw.rs
-- Symlinking: /choreo_system/install/dance_interfaces/share/dance_interfaces/rust/src/lib.rs
-- Symlinking: /choreo_system/install/dance_interfaces/share/dance_interfaces/action/Dance.idl
-- Symlinking: /choreo_system/install/dance_interfaces/share/dance_interfaces/action/Dance.action
-- Symlinking: /choreo_system/install/dance_interfaces/share/ament_index/resource_index/package_run_dependencies/dance_interfaces
-- Symlinking: /choreo_system/install/dance_interfaces/share/ament_index/resource_index/parent_prefix_path/dance_interfaces
-- Symlinking: /choreo_system/install/dance_interfaces/share/dance_interfaces/environment/ament_prefix_path.sh
-- Symlinking: /choreo_system/install/dance_interfaces/share/dance_interfaces/environment/ament_prefix_path.dsv
-- Symlinking: /choreo_system/install/dance_interfaces/share/dance_interfaces/environment/path.sh
-- Symlinking: /choreo_system/install/dance_interfaces/share/dance_interfaces/environment/path.dsv
-- Symlinking: /choreo_system/install/dance_interfaces/share/dance_interfaces/local_setup.bash
-- Symlinking: /choreo_system/install/dance_interfaces/share/dance_interfaces/local_setup.sh
-- Symlinking: /choreo_system/install/dance_interfaces/share/dance_interfaces/local_setup.zsh
-- Symlinking: /choreo_system/install/dance_interfaces/share/dance_interfaces/local_setup.dsv
-- Symlinking: /choreo_system/install/dance_interfaces/share/dance_interfaces/package.dsv
-- Symlinking: /choreo_system/install/dance_interfaces/share/ament_index/resource_index/packages/dance_interfaces
-- Symlinking: /choreo_system/install/dance_interfaces/share/dance_interfaces/cmake/rosidl_cmake-extras.cmake
-- Symlinking: /choreo_system/install/dance_interfaces/share/dance_interfaces/cmake/ament_cmake_export_dependencies-extras.cmake
-- Symlinking: /choreo_system/install/dance_interfaces/share/dance_interfaces/cmake/ament_cmake_export_include_directories-extras.cmake
-- Symlinking: /choreo_system/install/dance_interfaces/share/dance_interfaces/cmake/ament_cmake_export_libraries-extras.cmake
-- Symlinking: /choreo_system/install/dance_interfaces/share/dance_interfaces/cmake/ament_cmake_export_targets-extras.cmake
-- Symlinking: /choreo_system/install/dance_interfaces/share/dance_interfaces/cmake/rosidl_cmake_export_typesupport_targets-extras.cmake
-- Symlinking: /choreo_system/install/dance_interfaces/share/dance_interfaces/cmake/rosidl_cmake_export_typesupport_libraries-extras.cmake
-- Symlinking: /choreo_system/install/dance_interfaces/share/dance_interfaces/cmake/dance_interfacesConfig.cmake
-- Symlinking: /choreo_system/install/dance_interfaces/share/dance_interfaces/cmake/dance_interfacesConfig-version.cmake
-- Symlinking: /choreo_system/install/dance_interfaces/share/dance_interfaces/package.xml
-- Installing: /choreo_system/install/dance_interfaces/lib/libdance_interfaces__rosidl_generator_c.so
-- Set runtime path of "/choreo_system/install/dance_interfaces/lib/libdance_interfaces__rosidl_generator_c.so" to ""
-- Installing: /choreo_system/install/dance_interfaces/lib/libdance_interfaces__rosidl_typesupport_fastrtps_c.so
-- Set runtime path of "/choreo_system/install/dance_interfaces/lib/libdance_interfaces__rosidl_typesupport_fastrtps_c.so" to ""
-- Installing: /choreo_system/install/dance_interfaces/lib/libdance_interfaces__rosidl_typesupport_introspection_c.so
-- Set runtime path of "/choreo_system/install/dance_interfaces/lib/libdance_interfaces__rosidl_typesupport_introspection_c.so" to ""
-- Installing: /choreo_system/install/dance_interfaces/lib/libdance_interfaces__rosidl_typesupport_c.so
-- Set runtime path of "/choreo_system/install/dance_interfaces/lib/libdance_interfaces__rosidl_typesupport_c.so" to ""
-- Installing: /choreo_system/install/dance_interfaces/lib/libdance_interfaces__rosidl_typesupport_fastrtps_cpp.so
-- Set runtime path of "/choreo_system/install/dance_interfaces/lib/libdance_interfaces__rosidl_typesupport_fastrtps_cpp.so" to ""
-- Installing: /choreo_system/install/dance_interfaces/lib/libdance_interfaces__rosidl_typesupport_introspection_cpp.so
-- Set runtime path of "/choreo_system/install/dance_interfaces/lib/libdance_interfaces__rosidl_typesupport_introspection_cpp.so" to ""
-- Installing: /choreo_system/install/dance_interfaces/lib/libdance_interfaces__rosidl_typesupport_cpp.so
-- Set runtime path of "/choreo_system/install/dance_interfaces/lib/libdance_interfaces__rosidl_typesupport_cpp.so" to ""
Listing '/choreo_system/install/dance_interfaces/local/lib/python3.10/dist-packages/dance_interfaces'...
Compiling '/choreo_system/install/dance_interfaces/local/lib/python3.10/dist-packages/dance_interfaces/__init__.py'...
Listing '/choreo_system/install/dance_interfaces/local/lib/python3.10/dist-packages/dance_interfaces/action'...
Compiling '/choreo_system/install/dance_interfaces/local/lib/python3.10/dist-packages/dance_interfaces/action/__init__.py'...
Compiling '/choreo_system/install/dance_interfaces/local/lib/python3.10/dist-packages/dance_interfaces/action/_dance.py'...
-- Installing: /choreo_system/install/dance_interfaces/lib/libdance_interfaces__rosidl_generator_py.so
-- Set runtime path of "/choreo_system/install/dance_interfaces/lib/libdance_interfaces__rosidl_generator_py.so" to ""
-- Installing: /choreo_system/install/dance_interfaces/share/dance_interfaces/cmake/export_dance_interfaces__rosidl_generator_cExport.cmake
-- Installing: /choreo_system/install/dance_interfaces/share/dance_interfaces/cmake/export_dance_interfaces__rosidl_generator_cExport-noconfig.cmake
-- Installing: /choreo_system/install/dance_interfaces/share/dance_interfaces/cmake/export_dance_interfaces__rosidl_typesupport_fastrtps_cExport.cmake
-- Installing: /choreo_system/install/dance_interfaces/share/dance_interfaces/cmake/export_dance_interfaces__rosidl_typesupport_fastrtps_cExport-noconfig.cmake
-- Installing: /choreo_system/install/dance_interfaces/share/dance_interfaces/cmake/dance_interfaces__rosidl_typesupport_introspection_cExport.cmake
-- Installing: /choreo_system/install/dance_interfaces/share/dance_interfaces/cmake/dance_interfaces__rosidl_typesupport_introspection_cExport-noconfig.cmake
-- Installing: /choreo_system/install/dance_interfaces/share/dance_interfaces/cmake/dance_interfaces__rosidl_typesupport_cExport.cmake
-- Installing: /choreo_system/install/dance_interfaces/share/dance_interfaces/cmake/dance_interfaces__rosidl_typesupport_cExport-noconfig.cmake
-- Installing: /choreo_system/install/dance_interfaces/share/dance_interfaces/cmake/export_dance_interfaces__rosidl_generator_cppExport.cmake
-- Installing: /choreo_system/install/dance_interfaces/share/dance_interfaces/cmake/export_dance_interfaces__rosidl_typesupport_fastrtps_cppExport.cmake
-- Installing: /choreo_system/install/dance_interfaces/share/dance_interfaces/cmake/export_dance_interfaces__rosidl_typesupport_fastrtps_cppExport-noconfig.cmake
-- Installing: /choreo_system/install/dance_interfaces/share/dance_interfaces/cmake/dance_interfaces__rosidl_typesupport_introspection_cppExport.cmake
-- Installing: /choreo_system/install/dance_interfaces/share/dance_interfaces/cmake/dance_interfaces__rosidl_typesupport_introspection_cppExport-noconfig.cmake
-- Installing: /choreo_system/install/dance_interfaces/share/dance_interfaces/cmake/dance_interfaces__rosidl_typesupport_cppExport.cmake
-- Installing: /choreo_system/install/dance_interfaces/share/dance_interfaces/cmake/dance_interfaces__rosidl_typesupport_cppExport-noconfig.cmake
-- Installing: /choreo_system/install/dance_interfaces/share/dance_interfaces/cmake/export_dance_interfaces__rosidl_generator_pyExport.cmake
-- Installing: /choreo_system/install/dance_interfaces/share/dance_interfaces/cmake/export_dance_interfaces__rosidl_generator_pyExport-noconfig.cmake
