[0.032s] Invoking command in '/choreo_system/build/dance_interfaces': CMAKE_PREFIX_PATH=/opt/ros/humble /usr/bin/cmake /choreo_system/dance_interfaces -DAMENT_CMAKE_SYMLINK_INSTALL=1 -DCMAKE_INSTALL_PREFIX=/choreo_system/install/dance_interfaces
[0.428s] -- The C compiler identification is GNU 11.4.0
[0.429s] -- The CXX compiler identification is GNU 11.4.0
[0.430s] -- Detecting C compiler ABI info
[0.430s] -- Detecting C compiler ABI info - done
[0.431s] -- Check for working C compiler: /usr/bin/cc - skipped
[0.431s] -- Detecting C compile features
[0.431s] -- Detecting C compile features - done
[0.432s] -- Detecting CXX compiler ABI info
[0.495s] -- Detecting CXX compiler ABI info - done
[0.506s] -- Check for working CXX compiler: /usr/bin/c++ - skipped
[0.507s] -- Detecting CXX compile features
[0.507s] -- Detecting CXX compile features - done
[0.513s] -- Found ament_cmake: 1.3.14 (/opt/ros/humble/share/ament_cmake/cmake)
[0.624s] -- Found Python3: /usr/bin/python3 (found version "3.10.12") found components: Interpreter 
[0.692s] -- Override CMake install command with custom implementation using symlinks instead of copying resources
[0.725s] -- Found rosidl_default_generators: 1.2.1 (/opt/ros/humble/share/rosidl_default_generators/cmake)
[0.729s] -- Using all available rosidl_typesupport_c: rosidl_typesupport_fastrtps_c;rosidl_typesupport_introspection_c
[0.737s] -- Found rosidl_adapter: 3.1.8 (/opt/ros/humble/share/rosidl_adapter/cmake)
[0.783s] -- Using all available rosidl_typesupport_cpp: rosidl_typesupport_fastrtps_cpp;rosidl_typesupport_introspection_cpp
[1.101s] -- Found ament_cmake_ros: 0.10.0 (/opt/ros/humble/share/ament_cmake_ros/cmake)
[1.300s] -- Using all available rosidl_typesupport_c: rosidl_typesupport_fastrtps_c;rosidl_typesupport_introspection_c
[1.539s] -- Using all available rosidl_typesupport_cpp: rosidl_typesupport_fastrtps_cpp;rosidl_typesupport_introspection_cpp
[1.556s] -- Found PythonInterp: /usr/bin/python3 (found suitable version "3.10.12", minimum required is "3.6") 
[1.557s] -- Found python_cmake_module: 0.10.0 (/opt/ros/humble/share/python_cmake_module/cmake)
[1.578s] -- Found PythonLibs: /usr/lib/aarch64-linux-gnu/libpython3.10.so (found suitable version "3.10.12", minimum required is "3.5") 
[1.579s] -- Using PYTHON_EXECUTABLE: /usr/bin/python3
[1.579s] -- Using PYTHON_INCLUDE_DIRS: /usr/include/python3.10
[1.579s] -- Using PYTHON_LIBRARIES: /usr/lib/aarch64-linux-gnu/libpython3.10.so
[1.597s] -- Found PythonExtra: .so  
[1.703s] -- Found ament_lint_auto: 0.12.15 (/opt/ros/humble/share/ament_lint_auto/cmake)
[1.748s] -- Added test 'lint_cmake' to check CMake code style
[1.752s] -- Added test 'xmllint' to check XML markup files
[1.775s] -- Configuring done
[1.954s] -- Generating done
[2.005s] -- Build files have been written to: /choreo_system/build/dance_interfaces
[2.009s] Invoked command in '/choreo_system/build/dance_interfaces' returned '0': CMAKE_PREFIX_PATH=/opt/ros/humble /usr/bin/cmake /choreo_system/dance_interfaces -DAMENT_CMAKE_SYMLINK_INSTALL=1 -DCMAKE_INSTALL_PREFIX=/choreo_system/install/dance_interfaces
[2.011s] Invoking command in '/choreo_system/build/dance_interfaces': CMAKE_PREFIX_PATH=/opt/ros/humble /usr/bin/cmake --build /choreo_system/build/dance_interfaces -- -j10 -l10
[2.043s] [  3%] [34m[1mGenerating C code for ROS interfaces[0m
[2.050s] [  9%] [34m[1mGenerating Rust code for ROS interfaces[0m
[2.051s] [  9%] [34m[1mGenerating C++ code for ROS interfaces[0m
[2.055s] [  9%] Built target ament_cmake_python_symlink_dance_interfaces
[2.218s] running egg_info
[2.219s] creating dance_interfaces.egg-info
[2.220s] writing dance_interfaces.egg-info/PKG-INFO
[2.222s] writing dependency_links to dance_interfaces.egg-info/dependency_links.txt
[2.223s] writing top-level names to dance_interfaces.egg-info/top_level.txt
[2.223s] writing manifest file 'dance_interfaces.egg-info/SOURCES.txt'
[2.230s] reading manifest file 'dance_interfaces.egg-info/SOURCES.txt'
[2.232s] writing manifest file 'dance_interfaces.egg-info/SOURCES.txt'
[2.253s] [  9%] Built target ament_cmake_python_build_dance_interfaces_egg
[2.280s] [  9%] Built target dance_interfaces__rs
[2.397s] [  9%] Built target dance_interfaces__cpp
[2.407s] [ 21%] [32mBuilding C object CMakeFiles/dance_interfaces__rosidl_generator_c.dir/rosidl_generator_c/dance_interfaces/action/detail/dance__functions.c.o[0m
[2.407s] [ 21%] [34m[1mGenerating C++ type support for eProsima Fast-RTPS[0m
[2.408s] [ 21%] [34m[1mGenerating C++ type support dispatch for ROS interfaces[0m
[2.408s] [ 21%] [34m[1mGenerating C++ introspection for ROS interfaces[0m
[2.555s] [ 25%] [32m[1mLinking C shared library libdance_interfaces__rosidl_generator_c.so[0m
[2.599s] [ 25%] Built target dance_interfaces__rosidl_generator_c
[2.611s] [ 34%] [34m[1mGenerating C type support for eProsima Fast-RTPS[0m
[2.611s] [ 34%] [34m[1mGenerating C introspection for ROS interfaces[0m
[2.611s] [ 34%] [34m[1mGenerating C type support dispatch for ROS interfaces[0m
[2.662s] [ 37%] [32mBuilding CXX object CMakeFiles/dance_interfaces__rosidl_typesupport_cpp.dir/rosidl_typesupport_cpp/dance_interfaces/action/dance__type_support.cpp.o[0m
[2.705s] [ 40%] [32mBuilding CXX object CMakeFiles/dance_interfaces__rosidl_typesupport_introspection_cpp.dir/rosidl_typesupport_introspection_cpp/dance_interfaces/action/detail/dance__type_support.cpp.o[0m
[2.736s] [ 43%] [32mBuilding CXX object CMakeFiles/dance_interfaces__rosidl_typesupport_fastrtps_cpp.dir/rosidl_typesupport_fastrtps_cpp/dance_interfaces/action/detail/dds_fastrtps/dance__type_support.cpp.o[0m
[2.872s] [ 46%] [32mBuilding CXX object CMakeFiles/dance_interfaces__rosidl_typesupport_c.dir/rosidl_typesupport_c/dance_interfaces/action/dance__type_support.cpp.o[0m
[2.916s] [ 50%] [32mBuilding C object CMakeFiles/dance_interfaces__rosidl_typesupport_introspection_c.dir/rosidl_typesupport_introspection_c/dance_interfaces/action/detail/dance__type_support.c.o[0m
[2.923s] [ 53%] [32mBuilding CXX object CMakeFiles/dance_interfaces__rosidl_typesupport_fastrtps_c.dir/rosidl_typesupport_fastrtps_c/dance_interfaces/action/detail/dance__type_support_c.cpp.o[0m
[2.933s] [ 56%] [32m[1mLinking CXX shared library libdance_interfaces__rosidl_typesupport_c.so[0m
[2.981s] [ 56%] Built target dance_interfaces__rosidl_typesupport_c
[2.991s] [ 59%] [32m[1mLinking C shared library libdance_interfaces__rosidl_typesupport_introspection_c.so[0m
[3.023s] [ 59%] Built target dance_interfaces__rosidl_typesupport_introspection_c
[3.075s] [ 62%] [32m[1mLinking CXX shared library libdance_interfaces__rosidl_typesupport_cpp.so[0m
[3.126s] [ 62%] Built target dance_interfaces__rosidl_typesupport_cpp
[3.183s] [ 65%] [32m[1mLinking CXX shared library libdance_interfaces__rosidl_typesupport_introspection_cpp.so[0m
[3.223s] [ 68%] [32m[1mLinking CXX shared library libdance_interfaces__rosidl_typesupport_fastrtps_cpp.so[0m
[3.241s] [ 68%] Built target dance_interfaces__rosidl_typesupport_introspection_cpp
[3.267s] [ 71%] [32m[1mLinking CXX shared library libdance_interfaces__rosidl_typesupport_fastrtps_c.so[0m
[3.286s] [ 71%] Built target dance_interfaces__rosidl_typesupport_fastrtps_cpp
[3.322s] [ 71%] Built target dance_interfaces__rosidl_typesupport_fastrtps_c
[3.335s] [ 71%] Built target dance_interfaces
[3.349s] [ 75%] [34m[1mGenerating Python code for ROS interfaces[0m
[3.904s] [ 75%] Built target dance_interfaces__py
[3.919s] [ 78%] [32mBuilding C object CMakeFiles/dance_interfaces__rosidl_generator_py.dir/rosidl_generator_py/dance_interfaces/action/_dance_s.c.o[0m
[4.046s] [ 81%] [32m[1mLinking C shared library rosidl_generator_py/dance_interfaces/libdance_interfaces__rosidl_generator_py.so[0m
[4.080s] [ 81%] Built target dance_interfaces__rosidl_generator_py
[4.099s] [ 90%] [32mBuilding C object CMakeFiles/dance_interfaces__rosidl_typesupport_fastrtps_c__pyext.dir/rosidl_generator_py/dance_interfaces/_dance_interfaces_s.ep.rosidl_typesupport_fastrtps_c.c.o[0m
[4.100s] [ 90%] [32mBuilding C object CMakeFiles/dance_interfaces__rosidl_typesupport_introspection_c__pyext.dir/rosidl_generator_py/dance_interfaces/_dance_interfaces_s.ep.rosidl_typesupport_introspection_c.c.o[0m
[4.100s] [ 90%] [32mBuilding C object CMakeFiles/dance_interfaces__rosidl_typesupport_c__pyext.dir/rosidl_generator_py/dance_interfaces/_dance_interfaces_s.ep.rosidl_typesupport_c.c.o[0m
[4.226s] [ 93%] [32m[1mLinking C shared library rosidl_generator_py/dance_interfaces/dance_interfaces_s__rosidl_typesupport_introspection_c.cpython-310-aarch64-linux-gnu.so[0m
[4.245s] [ 96%] [32m[1mLinking C shared library rosidl_generator_py/dance_interfaces/dance_interfaces_s__rosidl_typesupport_c.cpython-310-aarch64-linux-gnu.so[0m
[4.252s] [100%] [32m[1mLinking C shared library rosidl_generator_py/dance_interfaces/dance_interfaces_s__rosidl_typesupport_fastrtps_c.cpython-310-aarch64-linux-gnu.so[0m
[4.271s] [100%] Built target dance_interfaces__rosidl_typesupport_introspection_c__pyext
[4.289s] [100%] Built target dance_interfaces__rosidl_typesupport_c__pyext
[4.299s] [100%] Built target dance_interfaces__rosidl_typesupport_fastrtps_c__pyext
[4.312s] Invoked command in '/choreo_system/build/dance_interfaces' returned '0': CMAKE_PREFIX_PATH=/opt/ros/humble /usr/bin/cmake --build /choreo_system/build/dance_interfaces -- -j10 -l10
[4.320s] Invoking command in '/choreo_system/build/dance_interfaces': CMAKE_PREFIX_PATH=/opt/ros/humble /usr/bin/cmake --install /choreo_system/build/dance_interfaces
[4.325s] -- Install configuration: ""
[4.326s] -- Execute custom install script
[4.328s] -- Symlinking: /choreo_system/install/dance_interfaces/share/ament_index/resource_index/rosidl_interfaces/dance_interfaces
[4.336s] -- Symlinking: /choreo_system/install/dance_interfaces/include/dance_interfaces/dance_interfaces/action/dance.h
[4.341s] -- Symlinking: /choreo_system/install/dance_interfaces/include/dance_interfaces/dance_interfaces/action/detail/dance__functions.h
[4.347s] -- Symlinking: /choreo_system/install/dance_interfaces/include/dance_interfaces/dance_interfaces/action/detail/dance__struct.h
[4.353s] -- Symlinking: /choreo_system/install/dance_interfaces/include/dance_interfaces/dance_interfaces/action/detail/dance__type_support.h
[4.358s] -- Symlinking: /choreo_system/install/dance_interfaces/include/dance_interfaces/dance_interfaces/msg/rosidl_generator_c__visibility_control.h
[4.364s] -- Symlinking: /choreo_system/install/dance_interfaces/share/dance_interfaces/environment/library_path.sh
[4.370s] -- Symlinking: /choreo_system/install/dance_interfaces/share/dance_interfaces/environment/library_path.dsv
[4.377s] -- Symlinking: /choreo_system/install/dance_interfaces/include/dance_interfaces/dance_interfaces/action/detail/dance__rosidl_typesupport_fastrtps_c.h
[4.383s] -- Symlinking: /choreo_system/install/dance_interfaces/include/dance_interfaces/dance_interfaces/msg/rosidl_typesupport_fastrtps_c__visibility_control.h
[4.390s] -- Symlinking: /choreo_system/install/dance_interfaces/include/dance_interfaces/dance_interfaces/action/detail/dance__rosidl_typesupport_introspection_c.h
[4.395s] -- Symlinking: /choreo_system/install/dance_interfaces/include/dance_interfaces/dance_interfaces/msg/rosidl_typesupport_introspection_c__visibility_control.h
[4.402s] -- Symlinking: /choreo_system/install/dance_interfaces/include/dance_interfaces/dance_interfaces/action/dance.hpp
[4.409s] -- Symlinking: /choreo_system/install/dance_interfaces/include/dance_interfaces/dance_interfaces/action/detail/dance__builder.hpp
[4.415s] -- Symlinking: /choreo_system/install/dance_interfaces/include/dance_interfaces/dance_interfaces/action/detail/dance__struct.hpp
[4.421s] -- Symlinking: /choreo_system/install/dance_interfaces/include/dance_interfaces/dance_interfaces/action/detail/dance__traits.hpp
[4.427s] -- Symlinking: /choreo_system/install/dance_interfaces/include/dance_interfaces/dance_interfaces/action/detail/dance__type_support.hpp
[4.432s] -- Symlinking: /choreo_system/install/dance_interfaces/include/dance_interfaces/dance_interfaces/msg/rosidl_generator_cpp__visibility_control.hpp
[4.440s] -- Symlinking: /choreo_system/install/dance_interfaces/include/dance_interfaces/dance_interfaces/action/detail/dance__rosidl_typesupport_fastrtps_cpp.hpp
[4.446s] -- Symlinking: /choreo_system/install/dance_interfaces/include/dance_interfaces/dance_interfaces/msg/rosidl_typesupport_fastrtps_cpp__visibility_control.h
[4.452s] -- Symlinking: /choreo_system/install/dance_interfaces/include/dance_interfaces/dance_interfaces/action/detail/dance__rosidl_typesupport_introspection_cpp.hpp
[4.457s] -- Symlinking: /choreo_system/install/dance_interfaces/share/dance_interfaces/environment/pythonpath.sh
[4.463s] -- Symlinking: /choreo_system/install/dance_interfaces/share/dance_interfaces/environment/pythonpath.dsv
[4.470s] -- Symlinking: /choreo_system/install/dance_interfaces/local/lib/python3.10/dist-packages/dance_interfaces-0.0.0-py3.10.egg-info/PKG-INFO
[4.476s] -- Symlinking: /choreo_system/install/dance_interfaces/local/lib/python3.10/dist-packages/dance_interfaces-0.0.0-py3.10.egg-info/SOURCES.txt
[4.481s] -- Symlinking: /choreo_system/install/dance_interfaces/local/lib/python3.10/dist-packages/dance_interfaces-0.0.0-py3.10.egg-info/dependency_links.txt
[4.487s] -- Symlinking: /choreo_system/install/dance_interfaces/local/lib/python3.10/dist-packages/dance_interfaces-0.0.0-py3.10.egg-info/top_level.txt
[4.494s] -- Symlinking: /choreo_system/install/dance_interfaces/local/lib/python3.10/dist-packages/dance_interfaces/__init__.py
[4.500s] -- Symlinking: /choreo_system/install/dance_interfaces/local/lib/python3.10/dist-packages/dance_interfaces/_dance_interfaces_s.ep.rosidl_typesupport_c.c
[4.506s] -- Symlinking: /choreo_system/install/dance_interfaces/local/lib/python3.10/dist-packages/dance_interfaces/_dance_interfaces_s.ep.rosidl_typesupport_fastrtps_c.c
[4.512s] -- Symlinking: /choreo_system/install/dance_interfaces/local/lib/python3.10/dist-packages/dance_interfaces/_dance_interfaces_s.ep.rosidl_typesupport_introspection_c.c
[4.518s] -- Symlinking: /choreo_system/install/dance_interfaces/local/lib/python3.10/dist-packages/dance_interfaces/action/__init__.py
[4.524s] -- Symlinking: /choreo_system/install/dance_interfaces/local/lib/python3.10/dist-packages/dance_interfaces/action/_dance.py
[4.530s] -- Symlinking: /choreo_system/install/dance_interfaces/local/lib/python3.10/dist-packages/dance_interfaces/action/_dance_s.c
[4.536s] -- Symlinking: /choreo_system/install/dance_interfaces/local/lib/python3.10/dist-packages/dance_interfaces/dance_interfaces_s__rosidl_typesupport_c.cpython-310-aarch64-linux-gnu.so
[4.542s] -- Symlinking: /choreo_system/install/dance_interfaces/local/lib/python3.10/dist-packages/dance_interfaces/dance_interfaces_s__rosidl_typesupport_fastrtps_c.cpython-310-aarch64-linux-gnu.so
[4.548s] -- Symlinking: /choreo_system/install/dance_interfaces/local/lib/python3.10/dist-packages/dance_interfaces/dance_interfaces_s__rosidl_typesupport_introspection_c.cpython-310-aarch64-linux-gnu.so
[4.555s] -- Symlinking: /choreo_system/install/dance_interfaces/local/lib/python3.10/dist-packages/dance_interfaces/libdance_interfaces__rosidl_generator_py.so
[4.562s] -- Up-to-date symlink: /choreo_system/install/dance_interfaces/local/lib/python3.10/dist-packages/dance_interfaces/dance_interfaces_s__rosidl_typesupport_fastrtps_c.cpython-310-aarch64-linux-gnu.so
[4.562s] -- Up-to-date symlink: /choreo_system/install/dance_interfaces/local/lib/python3.10/dist-packages/dance_interfaces/dance_interfaces_s__rosidl_typesupport_introspection_c.cpython-310-aarch64-linux-gnu.so
[4.563s] -- Up-to-date symlink: /choreo_system/install/dance_interfaces/local/lib/python3.10/dist-packages/dance_interfaces/dance_interfaces_s__rosidl_typesupport_c.cpython-310-aarch64-linux-gnu.so
[4.564s] -- Symlinking: /choreo_system/install/dance_interfaces/share/ament_index/resource_index/rust_packages/dance_interfaces
[4.572s] -- Symlinking: /choreo_system/install/dance_interfaces/share/dance_interfaces/rust/Cargo.toml
[4.578s] -- Symlinking: /choreo_system/install/dance_interfaces/share/dance_interfaces/rust/build.rs
[4.585s] -- Symlinking: /choreo_system/install/dance_interfaces/share/dance_interfaces/rust/src/action.rs
[4.591s] -- Symlinking: /choreo_system/install/dance_interfaces/share/dance_interfaces/rust/src/action/rmw.rs
[4.597s] -- Symlinking: /choreo_system/install/dance_interfaces/share/dance_interfaces/rust/src/lib.rs
[4.603s] -- Symlinking: /choreo_system/install/dance_interfaces/share/dance_interfaces/action/Dance.idl
[4.609s] -- Symlinking: /choreo_system/install/dance_interfaces/share/dance_interfaces/action/Dance.action
[4.615s] -- Symlinking: /choreo_system/install/dance_interfaces/share/ament_index/resource_index/package_run_dependencies/dance_interfaces
[4.621s] -- Symlinking: /choreo_system/install/dance_interfaces/share/ament_index/resource_index/parent_prefix_path/dance_interfaces
[4.626s] -- Symlinking: /choreo_system/install/dance_interfaces/share/dance_interfaces/environment/ament_prefix_path.sh
[4.632s] -- Symlinking: /choreo_system/install/dance_interfaces/share/dance_interfaces/environment/ament_prefix_path.dsv
[4.638s] -- Symlinking: /choreo_system/install/dance_interfaces/share/dance_interfaces/environment/path.sh
[4.643s] -- Symlinking: /choreo_system/install/dance_interfaces/share/dance_interfaces/environment/path.dsv
[4.648s] -- Symlinking: /choreo_system/install/dance_interfaces/share/dance_interfaces/local_setup.bash
[4.654s] -- Symlinking: /choreo_system/install/dance_interfaces/share/dance_interfaces/local_setup.sh
[4.661s] -- Symlinking: /choreo_system/install/dance_interfaces/share/dance_interfaces/local_setup.zsh
[4.667s] -- Symlinking: /choreo_system/install/dance_interfaces/share/dance_interfaces/local_setup.dsv
[4.672s] -- Symlinking: /choreo_system/install/dance_interfaces/share/dance_interfaces/package.dsv
[4.678s] -- Symlinking: /choreo_system/install/dance_interfaces/share/ament_index/resource_index/packages/dance_interfaces
[4.684s] -- Symlinking: /choreo_system/install/dance_interfaces/share/dance_interfaces/cmake/rosidl_cmake-extras.cmake
[4.690s] -- Symlinking: /choreo_system/install/dance_interfaces/share/dance_interfaces/cmake/ament_cmake_export_dependencies-extras.cmake
[4.696s] -- Symlinking: /choreo_system/install/dance_interfaces/share/dance_interfaces/cmake/ament_cmake_export_include_directories-extras.cmake
[4.702s] -- Symlinking: /choreo_system/install/dance_interfaces/share/dance_interfaces/cmake/ament_cmake_export_libraries-extras.cmake
[4.708s] -- Symlinking: /choreo_system/install/dance_interfaces/share/dance_interfaces/cmake/ament_cmake_export_targets-extras.cmake
[4.713s] -- Symlinking: /choreo_system/install/dance_interfaces/share/dance_interfaces/cmake/rosidl_cmake_export_typesupport_targets-extras.cmake
[4.719s] -- Symlinking: /choreo_system/install/dance_interfaces/share/dance_interfaces/cmake/rosidl_cmake_export_typesupport_libraries-extras.cmake
[4.724s] -- Symlinking: /choreo_system/install/dance_interfaces/share/dance_interfaces/cmake/dance_interfacesConfig.cmake
[4.730s] -- Symlinking: /choreo_system/install/dance_interfaces/share/dance_interfaces/cmake/dance_interfacesConfig-version.cmake
[4.736s] -- Symlinking: /choreo_system/install/dance_interfaces/share/dance_interfaces/package.xml
[4.742s] -- Installing: /choreo_system/install/dance_interfaces/lib/libdance_interfaces__rosidl_generator_c.so
[4.744s] -- Set runtime path of "/choreo_system/install/dance_interfaces/lib/libdance_interfaces__rosidl_generator_c.so" to ""
[4.745s] -- Installing: /choreo_system/install/dance_interfaces/lib/libdance_interfaces__rosidl_typesupport_fastrtps_c.so
[4.747s] -- Set runtime path of "/choreo_system/install/dance_interfaces/lib/libdance_interfaces__rosidl_typesupport_fastrtps_c.so" to ""
[4.747s] -- Installing: /choreo_system/install/dance_interfaces/lib/libdance_interfaces__rosidl_typesupport_introspection_c.so
[4.751s] -- Set runtime path of "/choreo_system/install/dance_interfaces/lib/libdance_interfaces__rosidl_typesupport_introspection_c.so" to ""
[4.751s] -- Installing: /choreo_system/install/dance_interfaces/lib/libdance_interfaces__rosidl_typesupport_c.so
[4.754s] -- Set runtime path of "/choreo_system/install/dance_interfaces/lib/libdance_interfaces__rosidl_typesupport_c.so" to ""
[4.754s] -- Installing: /choreo_system/install/dance_interfaces/lib/libdance_interfaces__rosidl_typesupport_fastrtps_cpp.so
[4.757s] -- Set runtime path of "/choreo_system/install/dance_interfaces/lib/libdance_interfaces__rosidl_typesupport_fastrtps_cpp.so" to ""
[4.757s] -- Installing: /choreo_system/install/dance_interfaces/lib/libdance_interfaces__rosidl_typesupport_introspection_cpp.so
[4.761s] -- Set runtime path of "/choreo_system/install/dance_interfaces/lib/libdance_interfaces__rosidl_typesupport_introspection_cpp.so" to ""
[4.762s] -- Installing: /choreo_system/install/dance_interfaces/lib/libdance_interfaces__rosidl_typesupport_cpp.so
[4.765s] -- Set runtime path of "/choreo_system/install/dance_interfaces/lib/libdance_interfaces__rosidl_typesupport_cpp.so" to ""
[4.800s] Listing '/choreo_system/install/dance_interfaces/local/lib/python3.10/dist-packages/dance_interfaces'...
[4.800s] Compiling '/choreo_system/install/dance_interfaces/local/lib/python3.10/dist-packages/dance_interfaces/__init__.py'...
[4.801s] Listing '/choreo_system/install/dance_interfaces/local/lib/python3.10/dist-packages/dance_interfaces/action'...
[4.801s] Compiling '/choreo_system/install/dance_interfaces/local/lib/python3.10/dist-packages/dance_interfaces/action/__init__.py'...
[4.802s] Compiling '/choreo_system/install/dance_interfaces/local/lib/python3.10/dist-packages/dance_interfaces/action/_dance.py'...
[4.802s] -- Installing: /choreo_system/install/dance_interfaces/lib/libdance_interfaces__rosidl_generator_py.so
[4.804s] -- Set runtime path of "/choreo_system/install/dance_interfaces/lib/libdance_interfaces__rosidl_generator_py.so" to ""
[4.804s] -- Installing: /choreo_system/install/dance_interfaces/share/dance_interfaces/cmake/export_dance_interfaces__rosidl_generator_cExport.cmake
[4.806s] -- Installing: /choreo_system/install/dance_interfaces/share/dance_interfaces/cmake/export_dance_interfaces__rosidl_generator_cExport-noconfig.cmake
[4.808s] -- Installing: /choreo_system/install/dance_interfaces/share/dance_interfaces/cmake/export_dance_interfaces__rosidl_typesupport_fastrtps_cExport.cmake
[4.810s] -- Installing: /choreo_system/install/dance_interfaces/share/dance_interfaces/cmake/export_dance_interfaces__rosidl_typesupport_fastrtps_cExport-noconfig.cmake
[4.811s] -- Installing: /choreo_system/install/dance_interfaces/share/dance_interfaces/cmake/dance_interfaces__rosidl_typesupport_introspection_cExport.cmake
[4.813s] -- Installing: /choreo_system/install/dance_interfaces/share/dance_interfaces/cmake/dance_interfaces__rosidl_typesupport_introspection_cExport-noconfig.cmake
[4.815s] -- Installing: /choreo_system/install/dance_interfaces/share/dance_interfaces/cmake/dance_interfaces__rosidl_typesupport_cExport.cmake
[4.817s] -- Installing: /choreo_system/install/dance_interfaces/share/dance_interfaces/cmake/dance_interfaces__rosidl_typesupport_cExport-noconfig.cmake
[4.819s] -- Installing: /choreo_system/install/dance_interfaces/share/dance_interfaces/cmake/export_dance_interfaces__rosidl_generator_cppExport.cmake
[4.820s] -- Installing: /choreo_system/install/dance_interfaces/share/dance_interfaces/cmake/export_dance_interfaces__rosidl_typesupport_fastrtps_cppExport.cmake
[4.823s] -- Installing: /choreo_system/install/dance_interfaces/share/dance_interfaces/cmake/export_dance_interfaces__rosidl_typesupport_fastrtps_cppExport-noconfig.cmake
[4.824s] -- Installing: /choreo_system/install/dance_interfaces/share/dance_interfaces/cmake/dance_interfaces__rosidl_typesupport_introspection_cppExport.cmake
[4.825s] -- Installing: /choreo_system/install/dance_interfaces/share/dance_interfaces/cmake/dance_interfaces__rosidl_typesupport_introspection_cppExport-noconfig.cmake
[4.827s] -- Installing: /choreo_system/install/dance_interfaces/share/dance_interfaces/cmake/dance_interfaces__rosidl_typesupport_cppExport.cmake
[4.829s] -- Installing: /choreo_system/install/dance_interfaces/share/dance_interfaces/cmake/dance_interfaces__rosidl_typesupport_cppExport-noconfig.cmake
[4.831s] -- Installing: /choreo_system/install/dance_interfaces/share/dance_interfaces/cmake/export_dance_interfaces__rosidl_generator_pyExport.cmake
[4.833s] -- Installing: /choreo_system/install/dance_interfaces/share/dance_interfaces/cmake/export_dance_interfaces__rosidl_generator_pyExport-noconfig.cmake
[4.837s] Invoked command in '/choreo_system/build/dance_interfaces' returned '0': CMAKE_PREFIX_PATH=/opt/ros/humble /usr/bin/cmake --install /choreo_system/build/dance_interfaces
